{
"contracts/abstract/AccessControlledAndUpgradeable.sol":{"l":{"18":58,"19":58,"20":58,"30":58,"31":58,"32":58,"33":58},"path":"/home/jasoons/Documents/code/monorepo/contracts/contracts/abstract/AccessControlledAndUpgradeable.sol","s":{"1":58,"2":58,"3":58,"4":58,"5":58,"6":58,"7":58},"b":{"1":[58,0]},"f":{"1":58,"2":58,"3":0},"fnMap":{"1":{"name":"_AccessControlledAndUpgradeable_init","line":17,"loc":{"start":{"line":17,"column":2},"end":{"line":21,"column":2}}},"2":{"name":"_AccessControlledAndUpgradeable_init_unchained","line":28,"loc":{"start":{"line":26,"column":2},"end":{"line":34,"column":2}}},"3":{"name":"_authorizeUpgrade","line":38,"loc":{"start":{"line":38,"column":2},"end":{"line":38,"column":81}}}},"statementMap":{"1":{"start":{"line":18,"column":4},"end":{"line":18,"column":25}},"2":{"start":{"line":19,"column":4},"end":{"line":19,"column":27}},"3":{"start":{"line":20,"column":4},"end":{"line":20,"column":63}},"4":{"start":{"line":30,"column":4},"end":{"line":30,"column":38}},"5":{"start":{"line":31,"column":4},"end":{"line":31,"column":47}},"6":{"start":{"line":32,"column":4},"end":{"line":32,"column":39}},"7":{"start":{"line":33,"column":4},"end":{"line":33,"column":42}}},"branchMap":{"1":{"line":30,"type":"if","locations":[{"start":{"line":30,"column":4},"end":{"line":30,"column":4}},{"start":{"line":30,"column":4},"end":{"line":30,"column":4}}]}}},
"contracts/FloatToken.sol":{"l":{"49":14,"50":14,"51":14,"52":14,"53":14,"54":14,"56":14,"57":14,"59":14,"60":14,"61":14,"63":14,"66":14,"81":96,"97":96,"99":96,"103":0,"107":0,"117":96,"124":96,"131":0,"141":96,"150":0,"158":0},"path":"/home/jasoons/Documents/code/monorepo/contracts/contracts/FloatToken.sol","s":{"1":14,"2":14,"3":14,"4":14,"5":14,"6":14,"7":14,"8":14,"9":14,"10":14,"11":14,"12":14,"13":14,"14":96,"15":96,"16":96,"17":0,"18":0,"19":96,"20":96,"21":0,"22":96,"23":0,"24":0},"b":{"1":[96,0]},"f":{"1":14,"2":96,"3":96,"4":0,"5":0,"6":0,"7":96,"8":96,"9":0,"10":96,"11":0,"12":0},"fnMap":{"1":{"name":"initialize","line":48,"loc":{"start":{"line":44,"column":2},"end":{"line":67,"column":2}}},"2":{"name":"mint","line":80,"loc":{"start":{"line":80,"column":2},"end":{"line":82,"column":2}}},"3":{"name":"_beforeTokenTransfer","line":92,"loc":{"start":{"line":92,"column":2},"end":{"line":100,"column":2}}},"4":{"name":"pause","line":102,"loc":{"start":{"line":102,"column":2},"end":{"line":104,"column":2}}},"5":{"name":"unpause","line":106,"loc":{"start":{"line":106,"column":2},"end":{"line":108,"column":2}}},"6":{"name":"_authorizeUpgrade","line":110,"loc":{"start":{"line":110,"column":2},"end":{"line":110,"column":99}}},"7":{"name":"_afterTokenTransfer","line":112,"loc":{"start":{"line":112,"column":2},"end":{"line":118,"column":2}}},"8":{"name":"_mint","line":120,"loc":{"start":{"line":120,"column":2},"end":{"line":125,"column":2}}},"9":{"name":"_burn","line":127,"loc":{"start":{"line":127,"column":2},"end":{"line":132,"column":2}}},"10":{"name":"totalSupply","line":134,"loc":{"start":{"line":134,"column":2},"end":{"line":142,"column":2}}},"11":{"name":"transfer","line":144,"loc":{"start":{"line":144,"column":2},"end":{"line":151,"column":2}}},"12":{"name":"burnFrom","line":153,"loc":{"start":{"line":153,"column":2},"end":{"line":159,"column":2}}}},"statementMap":{"1":{"start":{"line":49,"column":4},"end":{"line":49,"column":29}},"2":{"start":{"line":50,"column":4},"end":{"line":50,"column":25}},"3":{"start":{"line":51,"column":4},"end":{"line":51,"column":20}},"4":{"start":{"line":52,"column":4},"end":{"line":52,"column":25}},"5":{"start":{"line":53,"column":4},"end":{"line":53,"column":27}},"6":{"start":{"line":54,"column":4},"end":{"line":54,"column":27}},"7":{"start":{"line":56,"column":4},"end":{"line":56,"column":47}},"8":{"start":{"line":57,"column":4},"end":{"line":57,"column":40}},"9":{"start":{"line":59,"column":4},"end":{"line":59,"column":48}},"10":{"start":{"line":60,"column":4},"end":{"line":60,"column":41}},"11":{"start":{"line":61,"column":4},"end":{"line":61,"column":38}},"12":{"start":{"line":63,"column":4},"end":{"line":63,"column":40}},"13":{"start":{"line":66,"column":4},"end":{"line":66,"column":11}},"14":{"start":{"line":81,"column":4},"end":{"line":81,"column":20}},"15":{"start":{"line":97,"column":4},"end":{"line":97,"column":84}},"16":{"start":{"line":99,"column":4},"end":{"line":99,"column":47}},"17":{"start":{"line":103,"column":4},"end":{"line":103,"column":11}},"18":{"start":{"line":107,"column":4},"end":{"line":107,"column":13}},"19":{"start":{"line":117,"column":4},"end":{"line":117,"column":46}},"20":{"start":{"line":124,"column":4},"end":{"line":124,"column":26}},"21":{"start":{"line":131,"column":4},"end":{"line":131,"column":31}},"22":{"start":{"line":141,"column":4},"end":{"line":141,"column":41}},"23":{"start":{"line":150,"column":4},"end":{"line":150,"column":55}},"24":{"start":{"line":158,"column":4},"end":{"line":158,"column":53}}},"branchMap":{"1":{"line":97,"type":"if","locations":[{"start":{"line":97,"column":4},"end":{"line":97,"column":4}},{"start":{"line":97,"column":4},"end":{"line":97,"column":4}}]}}},
"contracts/GEMS.sol":{"l":{"29":14,"30":14,"31":14,"36":220,"37":206,"38":206,"40":206,"42":18,"45":18,"46":0,"48":18,"51":18,"53":206},"path":"/home/jasoons/Documents/code/monorepo/contracts/contracts/GEMS.sol","s":{"1":14,"2":14,"3":14,"4":220,"5":206,"6":206,"7":206,"8":18,"9":18,"10":0,"11":18,"12":18,"13":206},"b":{"1":[206,14],"2":[18,188],"3":[0,18]},"f":{"1":14,"2":220},"fnMap":{"1":{"name":"initialize","line":28,"loc":{"start":{"line":24,"column":2},"end":{"line":32,"column":2}}},"2":{"name":"gm","line":35,"loc":{"start":{"line":35,"column":2},"end":{"line":55,"column":2}}}},"statementMap":{"1":{"start":{"line":29,"column":4},"end":{"line":29,"column":47}},"2":{"start":{"line":30,"column":4},"end":{"line":30,"column":35}},"3":{"start":{"line":31,"column":4},"end":{"line":31,"column":32}},"4":{"start":{"line":36,"column":4},"end":{"line":36,"column":1001}},"5":{"start":{"line":37,"column":6},"end":{"line":37,"column":48}},"6":{"start":{"line":38,"column":6},"end":{"line":38,"column":46}},"7":{"start":{"line":40,"column":6},"end":{"line":40,"column":1145}},"8":{"start":{"line":42,"column":8},"end":{"line":42,"column":33}},"9":{"start":{"line":45,"column":8},"end":{"line":45,"column":1289}},"10":{"start":{"line":46,"column":10},"end":{"line":46,"column":26}},"11":{"start":{"line":48,"column":10},"end":{"line":48,"column":25}},"12":{"start":{"line":51,"column":8},"end":{"line":51,"column":40}},"13":{"start":{"line":53,"column":6},"end":{"line":53,"column":56}}},"branchMap":{"1":{"line":36,"type":"if","locations":[{"start":{"line":36,"column":4},"end":{"line":36,"column":4}},{"start":{"line":36,"column":4},"end":{"line":36,"column":4}}]},"2":{"line":40,"type":"if","locations":[{"start":{"line":40,"column":6},"end":{"line":40,"column":6}},{"start":{"line":40,"column":6},"end":{"line":40,"column":6}}]},"3":{"line":45,"type":"if","locations":[{"start":{"line":45,"column":8},"end":{"line":45,"column":8}},{"start":{"line":45,"column":8},"end":{"line":45,"column":8}}]}}},
"contracts/interfaces/aave/IAaveIncentivesController.sol":{"l":{},"path":"/home/jasoons/Documents/code/monorepo/contracts/contracts/interfaces/aave/IAaveIncentivesController.sol","s":{},"b":{},"f":{},"fnMap":{},"statementMap":{},"branchMap":{}},
"contracts/LongShort.sol":{"l":{"100":122,"104":126,"105":124,"109":626,"113":679,"114":678,"121":122,"122":122,"123":122,"127":108,"128":108,"133":122,"134":122,"152":14,"158":14,"159":14,"160":14,"161":14,"163":14,"177":2,"178":2,"179":2,"187":1,"211":58,"215":58,"216":58,"219":58,"222":57,"231":57,"240":57,"241":57,"242":57,"243":57,"245":57,"279":1,"282":1,"285":1,"288":1,"291":1,"292":1,"293":1,"294":1,"296":1,"317":57,"323":56,"324":56,"325":56,"327":56,"331":56,"336":56,"337":56,"362":62,"370":62,"371":60,"373":58,"375":58,"378":58,"380":58,"382":57,"385":57,"396":57,"405":57,"425":465,"437":18,"449":317,"478":12,"497":3,"500":3,"504":3,"539":211,"540":211,"543":211,"547":105,"551":105,"552":104,"556":104,"562":105,"566":105,"567":2,"570":2,"574":2,"602":215,"603":215,"605":215,"619":215,"622":215,"624":215,"651":220,"653":220,"654":220,"655":220,"657":220,"664":220,"670":220,"671":8,"672":4,"674":4,"685":220,"689":220,"693":220,"694":8,"697":8,"698":0,"700":8,"701":8,"704":212,"705":0,"707":212,"708":212,"729":430,"731":430,"733":430,"735":430,"736":221,"739":221,"745":221,"750":221,"754":221,"759":221,"761":221,"762":221,"764":221,"768":221,"772":221,"781":221,"784":221,"787":221,"788":221,"790":221,"799":221,"814":312,"820":2,"821":2,"822":23,"839":162,"865":107,"867":107,"868":107,"869":107,"870":107,"872":107,"879":54,"886":53,"908":4,"914":4,"915":4,"916":4,"918":4,"920":4,"927":2,"934":2,"957":3,"965":3,"968":3,"969":3,"971":3,"975":3,"991":2,"1001":1,"1018":214,"1021":214,"1022":104,"1023":104,"1029":104,"1045":214,"1048":214,"1049":4,"1050":4,"1057":4,"1074":214,"1077":214,"1078":3,"1085":3,"1089":3,"1106":435,"1107":435,"1108":107,"1109":107,"1110":107,"1111":107,"1112":107,"1113":107,"1115":107,"1117":107,"1128":321,"1138":1,"1139":1,"1140":4,"1157":215,"1158":105,"1164":3,"1180":430,"1181":107,"1186":5,"1219":222,"1220":222,"1223":222,"1228":222,"1229":54,"1231":54,"1233":54,"1242":222,"1243":222,"1244":54,"1246":54,"1248":54,"1257":222,"1261":222,"1262":4,"1269":4,"1270":4,"1272":4,"1273":4,"1281":4,"1285":222,"1288":222,"1289":3,"1296":3,"1297":3,"1299":3,"1300":3,"1308":3,"1312":222,"1313":222,"1314":3,"1320":3,"1322":3,"1326":222,"1329":222,"1330":3,"1336":3,"1338":3,"1342":222,"1347":222,"1352":222},"path":"/home/jasoons/Documents/code/monorepo/contracts/contracts/LongShort.sol","s":{"1":122,"2":126,"3":626,"4":679,"5":122,"6":122,"7":108,"8":108,"9":122,"10":14,"11":14,"12":14,"13":14,"14":14,"15":14,"16":2,"17":2,"18":2,"19":1,"20":58,"21":58,"22":58,"23":58,"24":57,"25":57,"26":57,"27":57,"28":57,"29":57,"30":57,"31":1,"32":1,"33":1,"34":1,"35":1,"36":1,"37":1,"38":1,"39":1,"40":57,"41":56,"42":56,"43":56,"44":56,"45":56,"46":56,"47":56,"48":62,"49":62,"50":60,"51":58,"52":58,"53":58,"54":58,"55":57,"56":57,"57":57,"58":57,"59":465,"60":18,"61":317,"62":12,"63":3,"64":3,"65":3,"66":211,"67":211,"68":211,"69":105,"70":105,"71":104,"72":104,"73":105,"74":105,"75":2,"76":2,"77":2,"78":215,"79":215,"80":215,"81":215,"82":220,"83":220,"84":220,"85":220,"86":220,"87":220,"88":220,"89":8,"90":4,"91":4,"92":220,"93":220,"94":220,"95":8,"96":8,"97":0,"98":8,"99":8,"100":212,"101":0,"102":212,"103":212,"104":430,"105":430,"106":430,"107":430,"108":221,"109":221,"110":221,"111":221,"112":221,"113":221,"114":221,"115":221,"116":221,"117":221,"118":221,"119":221,"120":221,"121":221,"122":221,"123":221,"124":312,"125":2,"126":2,"127":23,"128":162,"129":107,"130":107,"131":107,"132":107,"133":107,"134":107,"135":54,"136":53,"137":4,"138":4,"139":4,"140":4,"141":4,"142":4,"143":2,"144":2,"145":3,"146":3,"147":3,"148":3,"149":3,"150":3,"151":2,"152":1,"153":214,"154":214,"155":104,"156":104,"157":104,"158":214,"159":214,"160":4,"161":4,"162":4,"163":214,"164":214,"165":3,"166":3,"167":3,"168":435,"169":435,"170":107,"171":107,"172":107,"173":107,"174":107,"175":107,"176":107,"177":107,"178":321,"179":1,"180":1,"181":4,"182":215,"183":105,"184":110,"185":3,"186":430,"187":107,"188":323,"189":5,"190":222,"191":222,"192":222,"193":222,"194":54,"195":54,"196":54,"197":222,"198":222,"199":54,"200":54,"201":54,"202":222,"203":222,"204":4,"205":4,"206":4,"207":4,"208":4,"209":4,"210":222,"211":222,"212":3,"213":3,"214":3,"215":3,"216":3,"217":3,"218":222,"219":222,"220":3,"221":3,"222":3,"223":222,"224":222,"225":3,"226":3,"227":3,"228":222,"229":222,"230":222},"b":{"1":[625,1],"2":[108,0],"3":[14,0],"4":[58,0],"5":[56,1],"6":[62,0],"7":[60,2],"8":[58,2],"9":[105,106],"10":[104,1],"11":[2,103],"12":[8,212],"13":[4,4],"14":[8,212],"15":[0,8],"16":[0,212],"17":[221,209],"18":[3,0],"19":[104,110],"20":[4,210],"21":[3,211],"22":[3,0],"23":[107,328],"24":[105,110],"25":[3,107],"26":[107,323],"27":[5,318],"28":[54,168],"29":[54,168],"30":[4,218],"31":[3,219],"32":[3,219],"33":[3,219]},"f":{"1":122,"2":126,"3":626,"4":679,"5":122,"6":108,"7":122,"8":14,"9":2,"10":1,"11":58,"12":1,"13":57,"14":62,"15":465,"16":18,"17":317,"18":12,"19":3,"20":211,"21":215,"22":220,"23":430,"24":312,"25":2,"26":162,"27":107,"28":54,"29":53,"30":4,"31":2,"32":2,"33":3,"34":2,"35":1,"36":214,"37":214,"38":214,"39":435,"40":321,"41":1,"42":215,"43":430,"44":222},"fnMap":{"1":{"name":"adminOnlyModifierLogic","line":99,"loc":{"start":{"line":99,"column":2},"end":{"line":101,"column":2}}},"2":{"name":"adminOnly","line":103,"loc":{"start":{"line":103,"column":2},"end":{"line":106,"column":2}}},"3":{"name":"requireMarketExistsModifierLogic","line":108,"loc":{"start":{"line":108,"column":2},"end":{"line":110,"column":2}}},"4":{"name":"requireMarketExists","line":112,"loc":{"start":{"line":112,"column":2},"end":{"line":115,"column":2}}},"5":{"name":"updateSystemStateMarketAndExecuteOutstandingNextPriceSettlements","line":117,"loc":{"start":{"line":117,"column":2},"end":{"line":124,"column":2}}},"6":{"name":"gemCollectingModifierLogic","line":126,"loc":{"start":{"line":126,"column":2},"end":{"line":130,"column":2}}},"7":{"name":"gemCollecting","line":132,"loc":{"start":{"line":132,"column":2},"end":{"line":135,"column":2}}},"8":{"name":"initialize","line":151,"loc":{"start":{"line":146,"column":2},"end":{"line":164,"column":2}}},"9":{"name":"updateMarketOracle","line":174,"loc":{"start":{"line":174,"column":2},"end":{"line":180,"column":2}}},"10":{"name":"changeMarketTreasurySplitGradient","line":186,"loc":{"start":{"line":183,"column":2},"end":{"line":188,"column":2}}},"11":{"name":"createNewSyntheticMarket","line":210,"loc":{"start":{"line":204,"column":2},"end":{"line":256,"column":2}}},"12":{"name":"createNewSyntheticMarketExternalSyntheticTokens","line":278,"loc":{"start":{"line":270,"column":2},"end":{"line":307,"column":2}}},"13":{"name":"_seedMarketInitially","line":313,"loc":{"start":{"line":313,"column":2},"end":{"line":338,"column":2}}},"14":{"name":"initializeMarket","line":361,"loc":{"start":{"line":351,"column":2},"end":{"line":410,"column":2}}},"15":{"name":"_getSyntheticTokenPrice","line":421,"loc":{"start":{"line":421,"column":2},"end":{"line":426,"column":2}}},"16":{"name":"_getAmountPaymentToken","line":433,"loc":{"start":{"line":433,"column":2},"end":{"line":438,"column":2}}},"17":{"name":"_getAmountSyntheticToken","line":445,"loc":{"start":{"line":445,"column":2},"end":{"line":450,"column":2}}},"18":{"name":"_getEquivalentAmountSyntheticTokensOnTargetSide","line":473,"loc":{"start":{"line":473,"column":2},"end":{"line":481,"column":2}}},"19":{"name":"getAmountSyntheticTokenToMintOnTargetSide","line":491,"loc":{"start":{"line":491,"column":2},"end":{"line":509,"column":2}}},"20":{"name":"getUsersConfirmedButNotSettledSynthBalance","line":536,"loc":{"start":{"line":527,"column":2},"end":{"line":581,"column":2}}},"21":{"name":"_getYieldSplit","line":596,"loc":{"start":{"line":596,"column":2},"end":{"line":627,"column":2}}},"22":{"name":"_claimAndDistributeYieldThenRebalanceMarket","line":646,"loc":{"start":{"line":646,"column":2},"end":{"line":710,"column":2}}},"23":{"name":"_updateSystemStateInternal","line":726,"loc":{"start":{"line":723,"column":2},"end":{"line":809,"column":2}}},"24":{"name":"updateSystemState","line":813,"loc":{"start":{"line":813,"column":2},"end":{"line":815,"column":2}}},"25":{"name":"updateSystemStateMulti","line":819,"loc":{"start":{"line":819,"column":2},"end":{"line":824,"column":2}}},"26":{"name":"_transferPaymentTokensFromUserToYieldManager","line":835,"loc":{"start":{"line":835,"column":2},"end":{"line":844,"column":2}}},"27":{"name":"_mintNextPrice","line":863,"loc":{"start":{"line":855,"column":2},"end":{"line":873,"column":2}}},"28":{"name":"mintLongNextPrice","line":878,"loc":{"start":{"line":878,"column":2},"end":{"line":880,"column":2}}},"29":{"name":"mintShortNextPrice","line":885,"loc":{"start":{"line":885,"column":2},"end":{"line":887,"column":2}}},"30":{"name":"_redeemNextPrice","line":906,"loc":{"start":{"line":898,"column":2},"end":{"line":921,"column":2}}},"31":{"name":"redeemLongNextPrice","line":926,"loc":{"start":{"line":926,"column":2},"end":{"line":928,"column":2}}},"32":{"name":"redeemShortNextPrice","line":933,"loc":{"start":{"line":933,"column":2},"end":{"line":935,"column":2}}},"33":{"name":"shiftPositionNextPrice","line":955,"loc":{"start":{"line":946,"column":2},"end":{"line":982,"column":2}}},"34":{"name":"shiftPositionFromLongNextPrice","line":987,"loc":{"start":{"line":987,"column":2},"end":{"line":992,"column":2}}},"35":{"name":"shiftPositionFromShortNextPrice","line":997,"loc":{"start":{"line":997,"column":2},"end":{"line":1002,"column":2}}},"36":{"name":"_executeOutstandingNextPriceMints","line":1013,"loc":{"start":{"line":1013,"column":2},"end":{"line":1034,"column":2}}},"37":{"name":"_executeOutstandingNextPriceRedeems","line":1040,"loc":{"start":{"line":1040,"column":2},"end":{"line":1062,"column":2}}},"38":{"name":"_executeOutstandingNextPriceTokenShifts","line":1069,"loc":{"start":{"line":1069,"column":2},"end":{"line":1096,"column":2}}},"39":{"name":"_executeOutstandingNextPriceSettlements","line":1102,"loc":{"start":{"line":1102,"column":2},"end":{"line":1119,"column":2}}},"40":{"name":"executeOutstandingNextPriceSettlementsUser","line":1124,"loc":{"start":{"line":1124,"column":2},"end":{"line":1129,"column":2}}},"41":{"name":"executeOutstandingNextPriceSettlementsUserMulti","line":1134,"loc":{"start":{"line":1134,"column":2},"end":{"line":1142,"column":2}}},"42":{"name":"_handleTotalPaymentTokenValueChangeForMarketWithYieldManager","line":1153,"loc":{"start":{"line":1153,"column":2},"end":{"line":1168,"column":2}}},"43":{"name":"_handleChangeInSyntheticTokensTotalSupply","line":1175,"loc":{"start":{"line":1175,"column":2},"end":{"line":1190,"column":2}}},"44":{"name":"_batchConfirmOutstandingPendingActions","line":1207,"loc":{"start":{"line":1207,"column":2},"end":{"line":1357,"column":2}}}},"statementMap":{"1":{"start":{"line":100,"column":4},"end":{"line":100,"column":37}},"2":{"start":{"line":104,"column":4},"end":{"line":104,"column":27}},"3":{"start":{"line":109,"column":4},"end":{"line":109,"column":61}},"4":{"start":{"line":113,"column":4},"end":{"line":113,"column":48}},"5":{"start":{"line":121,"column":4},"end":{"line":121,"column":42}},"6":{"start":{"line":122,"column":4},"end":{"line":122,"column":61}},"7":{"start":{"line":127,"column":4},"end":{"line":127,"column":4902}},"8":{"start":{"line":128,"column":6},"end":{"line":128,"column":30}},"9":{"start":{"line":133,"column":4},"end":{"line":133,"column":31}},"10":{"start":{"line":152,"column":4},"end":{"line":152,"column":5621}},"11":{"start":{"line":158,"column":4},"end":{"line":158,"column":47}},"12":{"start":{"line":159,"column":4},"end":{"line":159,"column":31}},"13":{"start":{"line":160,"column":4},"end":{"line":160,"column":19}},"14":{"start":{"line":161,"column":4},"end":{"line":161,"column":15}},"15":{"start":{"line":163,"column":4},"end":{"line":163,"column":52}},"16":{"start":{"line":177,"column":4},"end":{"line":177,"column":63}},"17":{"start":{"line":178,"column":4},"end":{"line":178,"column":50}},"18":{"start":{"line":179,"column":4},"end":{"line":179,"column":77}},"19":{"start":{"line":187,"column":4},"end":{"line":187,"column":82}},"20":{"start":{"line":211,"column":4},"end":{"line":211,"column":8128}},"21":{"start":{"line":215,"column":4},"end":{"line":215,"column":39}},"22":{"start":{"line":216,"column":4},"end":{"line":216,"column":28}},"23":{"start":{"line":219,"column":4},"end":{"line":219,"column":53}},"24":{"start":{"line":222,"column":4},"end":{"line":222,"column":8474}},"25":{"start":{"line":231,"column":4},"end":{"line":231,"column":8776}},"26":{"start":{"line":240,"column":4},"end":{"line":240,"column":45}},"27":{"start":{"line":241,"column":4},"end":{"line":241,"column":45}},"28":{"start":{"line":242,"column":4},"end":{"line":242,"column":47}},"29":{"start":{"line":243,"column":4},"end":{"line":243,"column":86}},"30":{"start":{"line":245,"column":4},"end":{"line":245,"column":9306}},"31":{"start":{"line":279,"column":4},"end":{"line":279,"column":39}},"32":{"start":{"line":282,"column":4},"end":{"line":282,"column":53}},"33":{"start":{"line":285,"column":4},"end":{"line":285,"column":50}},"34":{"start":{"line":288,"column":4},"end":{"line":288,"column":52}},"35":{"start":{"line":291,"column":4},"end":{"line":291,"column":45}},"36":{"start":{"line":292,"column":4},"end":{"line":292,"column":45}},"37":{"start":{"line":293,"column":4},"end":{"line":293,"column":47}},"38":{"start":{"line":294,"column":4},"end":{"line":294,"column":86}},"39":{"start":{"line":296,"column":4},"end":{"line":296,"column":11346}},"40":{"start":{"line":317,"column":4},"end":{"line":317,"column":11992}},"41":{"start":{"line":323,"column":4},"end":{"line":323,"column":79}},"42":{"start":{"line":324,"column":4},"end":{"line":324,"column":88}},"43":{"start":{"line":325,"column":4},"end":{"line":325,"column":92}},"44":{"start":{"line":327,"column":4},"end":{"line":327,"column":12492}},"45":{"start":{"line":331,"column":4},"end":{"line":331,"column":12644}},"46":{"start":{"line":336,"column":4},"end":{"line":336,"column":88}},"47":{"start":{"line":337,"column":4},"end":{"line":337,"column":89}},"48":{"start":{"line":362,"column":4},"end":{"line":362,"column":14366}},"49":{"start":{"line":370,"column":4},"end":{"line":370,"column":61}},"50":{"start":{"line":371,"column":4},"end":{"line":371,"column":57}},"51":{"start":{"line":373,"column":4},"end":{"line":373,"column":35}},"52":{"start":{"line":375,"column":4},"end":{"line":375,"column":82}},"53":{"start":{"line":378,"column":4},"end":{"line":378,"column":37}},"54":{"start":{"line":380,"column":4},"end":{"line":380,"column":72}},"55":{"start":{"line":382,"column":4},"end":{"line":382,"column":51}},"56":{"start":{"line":385,"column":4},"end":{"line":385,"column":15165}},"57":{"start":{"line":396,"column":4},"end":{"line":396,"column":15463}},"58":{"start":{"line":405,"column":4},"end":{"line":405,"column":15685}},"59":{"start":{"line":425,"column":4},"end":{"line":425,"column":73}},"60":{"start":{"line":437,"column":4},"end":{"line":437,"column":77}},"61":{"start":{"line":449,"column":4},"end":{"line":449,"column":87}},"62":{"start":{"line":478,"column":4},"end":{"line":478,"column":19299}},"63":{"start":{"line":497,"column":4},"end":{"line":497,"column":20422}},"64":{"start":{"line":500,"column":4},"end":{"line":500,"column":20560}},"65":{"start":{"line":504,"column":4},"end":{"line":504,"column":20679}},"66":{"start":{"line":539,"column":4},"end":{"line":539,"column":69}},"67":{"start":{"line":540,"column":4},"end":{"line":540,"column":22439}},"68":{"start":{"line":543,"column":4},"end":{"line":543,"column":22554}},"69":{"start":{"line":547,"column":6},"end":{"line":547,"column":22716}},"70":{"start":{"line":551,"column":6},"end":{"line":551,"column":22839}},"71":{"start":{"line":552,"column":8},"end":{"line":552,"column":22889}},"72":{"start":{"line":556,"column":8},"end":{"line":556,"column":23042}},"73":{"start":{"line":562,"column":6},"end":{"line":562,"column":23211}},"74":{"start":{"line":566,"column":6},"end":{"line":566,"column":23366}},"75":{"start":{"line":567,"column":8},"end":{"line":567,"column":23483}},"76":{"start":{"line":570,"column":8},"end":{"line":570,"column":23605}},"77":{"start":{"line":574,"column":8},"end":{"line":574,"column":23770}},"78":{"start":{"line":602,"column":4},"end":{"line":602,"column":51}},"79":{"start":{"line":603,"column":4},"end":{"line":603,"column":21}},"80":{"start":{"line":619,"column":4},"end":{"line":619,"column":25931}},"81":{"start":{"line":622,"column":4},"end":{"line":622,"column":75}},"82":{"start":{"line":651,"column":4},"end":{"line":651,"column":50}},"83":{"start":{"line":653,"column":4},"end":{"line":653,"column":63}},"84":{"start":{"line":654,"column":4},"end":{"line":654,"column":65}},"85":{"start":{"line":655,"column":4},"end":{"line":655,"column":61}},"86":{"start":{"line":657,"column":4},"end":{"line":657,"column":27802}},"87":{"start":{"line":664,"column":4},"end":{"line":664,"column":27984}},"88":{"start":{"line":670,"column":4},"end":{"line":670,"column":28187}},"89":{"start":{"line":671,"column":6},"end":{"line":671,"column":28219}},"90":{"start":{"line":672,"column":8},"end":{"line":672,"column":32}},"91":{"start":{"line":674,"column":8},"end":{"line":674,"column":33}},"92":{"start":{"line":685,"column":4},"end":{"line":685,"column":75}},"93":{"start":{"line":689,"column":4},"end":{"line":689,"column":29270}},"94":{"start":{"line":693,"column":4},"end":{"line":693,"column":29368}},"95":{"start":{"line":694,"column":6},"end":{"line":694,"column":31}},"96":{"start":{"line":697,"column":6},"end":{"line":697,"column":29576}},"97":{"start":{"line":698,"column":8},"end":{"line":698,"column":57}},"98":{"start":{"line":700,"column":6},"end":{"line":700,"column":38}},"99":{"start":{"line":701,"column":6},"end":{"line":701,"column":39}},"100":{"start":{"line":704,"column":6},"end":{"line":704,"column":29896}},"101":{"start":{"line":705,"column":8},"end":{"line":705,"column":58}},"102":{"start":{"line":707,"column":6},"end":{"line":707,"column":38}},"103":{"start":{"line":708,"column":6},"end":{"line":708,"column":39}},"104":{"start":{"line":729,"column":4},"end":{"line":729,"column":84}},"105":{"start":{"line":731,"column":4},"end":{"line":731,"column":63}},"106":{"start":{"line":733,"column":4},"end":{"line":733,"column":72}},"107":{"start":{"line":735,"column":4},"end":{"line":735,"column":31183}},"108":{"start":{"line":736,"column":6},"end":{"line":736,"column":31240}},"109":{"start":{"line":739,"column":6},"end":{"line":739,"column":31382}},"110":{"start":{"line":745,"column":6},"end":{"line":745,"column":31776}},"111":{"start":{"line":750,"column":6},"end":{"line":750,"column":31861}},"112":{"start":{"line":754,"column":6},"end":{"line":754,"column":32044}},"113":{"start":{"line":759,"column":6},"end":{"line":759,"column":44}},"114":{"start":{"line":762,"column":6},"end":{"line":762,"column":56}},"115":{"start":{"line":764,"column":6},"end":{"line":764,"column":32410}},"116":{"start":{"line":768,"column":6},"end":{"line":768,"column":32546}},"117":{"start":{"line":772,"column":6},"end":{"line":772,"column":32642}},"118":{"start":{"line":781,"column":6},"end":{"line":781,"column":32948}},"119":{"start":{"line":784,"column":6},"end":{"line":784,"column":33066}},"120":{"start":{"line":787,"column":6},"end":{"line":787,"column":72}},"121":{"start":{"line":788,"column":6},"end":{"line":788,"column":74}},"122":{"start":{"line":790,"column":6},"end":{"line":790,"column":33340}},"123":{"start":{"line":799,"column":6},"end":{"line":799,"column":33633}},"124":{"start":{"line":814,"column":4},"end":{"line":814,"column":42}},"125":{"start":{"line":820,"column":4},"end":{"line":820,"column":41}},"126":{"start":{"line":821,"column":4},"end":{"line":821,"column":34497}},"127":{"start":{"line":822,"column":6},"end":{"line":822,"column":49}},"128":{"start":{"line":839,"column":4},"end":{"line":839,"column":35336}},"129":{"start":{"line":865,"column":4},"end":{"line":865,"column":68}},"130":{"start":{"line":867,"column":4},"end":{"line":867,"column":68}},"131":{"start":{"line":868,"column":4},"end":{"line":868,"column":86}},"132":{"start":{"line":869,"column":4},"end":{"line":869,"column":64}},"133":{"start":{"line":870,"column":4},"end":{"line":870,"column":78}},"134":{"start":{"line":872,"column":4},"end":{"line":872,"column":83}},"135":{"start":{"line":879,"column":4},"end":{"line":879,"column":44}},"136":{"start":{"line":886,"column":4},"end":{"line":886,"column":45}},"137":{"start":{"line":908,"column":4},"end":{"line":908,"column":38809}},"138":{"start":{"line":914,"column":4},"end":{"line":914,"column":94}},"139":{"start":{"line":915,"column":4},"end":{"line":915,"column":64}},"140":{"start":{"line":916,"column":4},"end":{"line":916,"column":78}},"141":{"start":{"line":918,"column":4},"end":{"line":918,"column":76}},"142":{"start":{"line":920,"column":4},"end":{"line":920,"column":89}},"143":{"start":{"line":927,"column":4},"end":{"line":927,"column":53}},"144":{"start":{"line":934,"column":4},"end":{"line":934,"column":54}},"145":{"start":{"line":957,"column":4},"end":{"line":957,"column":41373}},"146":{"start":{"line":965,"column":4},"end":{"line":965,"column":41597}},"147":{"start":{"line":968,"column":4},"end":{"line":968,"column":64}},"148":{"start":{"line":969,"column":4},"end":{"line":969,"column":78}},"149":{"start":{"line":971,"column":4},"end":{"line":971,"column":41892}},"150":{"start":{"line":975,"column":4},"end":{"line":975,"column":41997}},"151":{"start":{"line":991,"column":4},"end":{"line":991,"column":74}},"152":{"start":{"line":1001,"column":4},"end":{"line":1001,"column":75}},"153":{"start":{"line":1018,"column":4},"end":{"line":1018,"column":44111}},"154":{"start":{"line":1021,"column":4},"end":{"line":1021,"column":44224}},"155":{"start":{"line":1022,"column":6},"end":{"line":1022,"column":76}},"156":{"start":{"line":1023,"column":6},"end":{"line":1023,"column":44356}},"157":{"start":{"line":1029,"column":6},"end":{"line":1029,"column":44617}},"158":{"start":{"line":1045,"column":4},"end":{"line":1045,"column":45231}},"159":{"start":{"line":1048,"column":4},"end":{"line":1048,"column":45345}},"160":{"start":{"line":1049,"column":6},"end":{"line":1049,"column":77}},"161":{"start":{"line":1050,"column":6},"end":{"line":1050,"column":45478}},"162":{"start":{"line":1057,"column":6},"end":{"line":1057,"column":45728}},"163":{"start":{"line":1074,"column":4},"end":{"line":1074,"column":46541}},"164":{"start":{"line":1077,"column":4},"end":{"line":1077,"column":46680}},"165":{"start":{"line":1078,"column":6},"end":{"line":1078,"column":46742}},"166":{"start":{"line":1085,"column":6},"end":{"line":1085,"column":47011}},"167":{"start":{"line":1089,"column":6},"end":{"line":1089,"column":47127}},"168":{"start":{"line":1106,"column":4},"end":{"line":1106,"column":88}},"169":{"start":{"line":1107,"column":4},"end":{"line":1107,"column":48012}},"170":{"start":{"line":1108,"column":6},"end":{"line":1108,"column":63}},"171":{"start":{"line":1109,"column":6},"end":{"line":1109,"column":64}},"172":{"start":{"line":1110,"column":6},"end":{"line":1110,"column":65}},"173":{"start":{"line":1111,"column":6},"end":{"line":1111,"column":66}},"174":{"start":{"line":1112,"column":6},"end":{"line":1112,"column":69}},"175":{"start":{"line":1113,"column":6},"end":{"line":1113,"column":70}},"176":{"start":{"line":1115,"column":6},"end":{"line":1115,"column":60}},"177":{"start":{"line":1117,"column":6},"end":{"line":1117,"column":61}},"178":{"start":{"line":1128,"column":4},"end":{"line":1128,"column":61}},"179":{"start":{"line":1138,"column":4},"end":{"line":1138,"column":41}},"180":{"start":{"line":1139,"column":4},"end":{"line":1139,"column":49594}},"181":{"start":{"line":1140,"column":6},"end":{"line":1140,"column":68}},"182":{"start":{"line":1157,"column":4},"end":{"line":1157,"column":50616}},"183":{"start":{"line":1158,"column":6},"end":{"line":1158,"column":50673}},"184":{"start":{"line":1161,"column":11},"end":{"line":1161,"column":50809}},"185":{"start":{"line":1164,"column":6},"end":{"line":1164,"column":51045}},"186":{"start":{"line":1180,"column":4},"end":{"line":1180,"column":51879}},"187":{"start":{"line":1181,"column":6},"end":{"line":1181,"column":51933}},"188":{"start":{"line":1185,"column":11},"end":{"line":1185,"column":52086}},"189":{"start":{"line":1186,"column":6},"end":{"line":1186,"column":52140}},"190":{"start":{"line":1219,"column":4},"end":{"line":1219,"column":45}},"191":{"start":{"line":1220,"column":4},"end":{"line":1220,"column":46}},"192":{"start":{"line":1223,"column":4},"end":{"line":1223,"column":54031}},"193":{"start":{"line":1228,"column":4},"end":{"line":1228,"column":54181}},"194":{"start":{"line":1229,"column":6},"end":{"line":1229,"column":93}},"195":{"start":{"line":1231,"column":6},"end":{"line":1231,"column":62}},"196":{"start":{"line":1233,"column":6},"end":{"line":1233,"column":54402}},"197":{"start":{"line":1242,"column":4},"end":{"line":1242,"column":98}},"198":{"start":{"line":1243,"column":4},"end":{"line":1243,"column":54748}},"199":{"start":{"line":1244,"column":6},"end":{"line":1244,"column":94}},"200":{"start":{"line":1246,"column":6},"end":{"line":1246,"column":63}},"201":{"start":{"line":1248,"column":6},"end":{"line":1248,"column":54971}},"202":{"start":{"line":1257,"column":4},"end":{"line":1257,"column":55233}},"203":{"start":{"line":1261,"column":4},"end":{"line":1261,"column":55361}},"204":{"start":{"line":1262,"column":6},"end":{"line":1262,"column":55420}},"205":{"start":{"line":1269,"column":6},"end":{"line":1269,"column":86}},"206":{"start":{"line":1270,"column":6},"end":{"line":1270,"column":87}},"207":{"start":{"line":1272,"column":6},"end":{"line":1272,"column":89}},"208":{"start":{"line":1273,"column":6},"end":{"line":1273,"column":55906}},"209":{"start":{"line":1281,"column":6},"end":{"line":1281,"column":83}},"210":{"start":{"line":1285,"column":4},"end":{"line":1285,"column":56332}},"211":{"start":{"line":1288,"column":4},"end":{"line":1288,"column":56459}},"212":{"start":{"line":1289,"column":6},"end":{"line":1289,"column":56518}},"213":{"start":{"line":1296,"column":6},"end":{"line":1296,"column":86}},"214":{"start":{"line":1297,"column":6},"end":{"line":1297,"column":85}},"215":{"start":{"line":1299,"column":6},"end":{"line":1299,"column":90}},"216":{"start":{"line":1300,"column":6},"end":{"line":1300,"column":57003}},"217":{"start":{"line":1308,"column":6},"end":{"line":1308,"column":84}},"218":{"start":{"line":1312,"column":4},"end":{"line":1312,"column":98}},"219":{"start":{"line":1313,"column":4},"end":{"line":1313,"column":57512}},"220":{"start":{"line":1314,"column":6},"end":{"line":1314,"column":57570}},"221":{"start":{"line":1320,"column":6},"end":{"line":1320,"column":89}},"222":{"start":{"line":1322,"column":6},"end":{"line":1322,"column":63}},"223":{"start":{"line":1326,"column":4},"end":{"line":1326,"column":57977}},"224":{"start":{"line":1329,"column":4},"end":{"line":1329,"column":58091}},"225":{"start":{"line":1330,"column":6},"end":{"line":1330,"column":58149}},"226":{"start":{"line":1336,"column":6},"end":{"line":1336,"column":90}},"227":{"start":{"line":1338,"column":6},"end":{"line":1338,"column":64}},"228":{"start":{"line":1342,"column":4},"end":{"line":1342,"column":58559}},"229":{"start":{"line":1347,"column":4},"end":{"line":1347,"column":58777}},"230":{"start":{"line":1352,"column":4},"end":{"line":1352,"column":58903}}},"branchMap":{"1":{"line":109,"type":"if","locations":[{"start":{"line":109,"column":4},"end":{"line":109,"column":4}},{"start":{"line":109,"column":4},"end":{"line":109,"column":4}}]},"2":{"line":127,"type":"if","locations":[{"start":{"line":127,"column":4},"end":{"line":127,"column":4}},{"start":{"line":127,"column":4},"end":{"line":127,"column":4}}]},"3":{"line":152,"type":"if","locations":[{"start":{"line":152,"column":4},"end":{"line":152,"column":4}},{"start":{"line":152,"column":4},"end":{"line":152,"column":4}}]},"4":{"line":211,"type":"if","locations":[{"start":{"line":211,"column":4},"end":{"line":211,"column":4}},{"start":{"line":211,"column":4},"end":{"line":211,"column":4}}]},"5":{"line":317,"type":"if","locations":[{"start":{"line":317,"column":4},"end":{"line":317,"column":4}},{"start":{"line":317,"column":4},"end":{"line":317,"column":4}}]},"6":{"line":362,"type":"if","locations":[{"start":{"line":362,"column":4},"end":{"line":362,"column":4}},{"start":{"line":362,"column":4},"end":{"line":362,"column":4}}]},"7":{"line":370,"type":"if","locations":[{"start":{"line":370,"column":4},"end":{"line":370,"column":4}},{"start":{"line":370,"column":4},"end":{"line":370,"column":4}}]},"8":{"line":371,"type":"if","locations":[{"start":{"line":371,"column":4},"end":{"line":371,"column":4}},{"start":{"line":371,"column":4},"end":{"line":371,"column":4}}]},"9":{"line":543,"type":"if","locations":[{"start":{"line":543,"column":4},"end":{"line":543,"column":4}},{"start":{"line":543,"column":4},"end":{"line":543,"column":4}}]},"10":{"line":551,"type":"if","locations":[{"start":{"line":551,"column":6},"end":{"line":551,"column":6}},{"start":{"line":551,"column":6},"end":{"line":551,"column":6}}]},"11":{"line":566,"type":"if","locations":[{"start":{"line":566,"column":6},"end":{"line":566,"column":6}},{"start":{"line":566,"column":6},"end":{"line":566,"column":6}}]},"12":{"line":670,"type":"if","locations":[{"start":{"line":670,"column":4},"end":{"line":670,"column":4}},{"start":{"line":670,"column":4},"end":{"line":670,"column":4}}]},"13":{"line":671,"type":"if","locations":[{"start":{"line":671,"column":6},"end":{"line":671,"column":6}},{"start":{"line":671,"column":6},"end":{"line":671,"column":6}}]},"14":{"line":693,"type":"if","locations":[{"start":{"line":693,"column":4},"end":{"line":693,"column":4}},{"start":{"line":693,"column":4},"end":{"line":693,"column":4}}]},"15":{"line":697,"type":"if","locations":[{"start":{"line":697,"column":6},"end":{"line":697,"column":6}},{"start":{"line":697,"column":6},"end":{"line":697,"column":6}}]},"16":{"line":704,"type":"if","locations":[{"start":{"line":704,"column":6},"end":{"line":704,"column":6}},{"start":{"line":704,"column":6},"end":{"line":704,"column":6}}]},"17":{"line":735,"type":"if","locations":[{"start":{"line":735,"column":4},"end":{"line":735,"column":4}},{"start":{"line":735,"column":4},"end":{"line":735,"column":4}}]},"18":{"line":957,"type":"if","locations":[{"start":{"line":957,"column":4},"end":{"line":957,"column":4}},{"start":{"line":957,"column":4},"end":{"line":957,"column":4}}]},"19":{"line":1021,"type":"if","locations":[{"start":{"line":1021,"column":4},"end":{"line":1021,"column":4}},{"start":{"line":1021,"column":4},"end":{"line":1021,"column":4}}]},"20":{"line":1048,"type":"if","locations":[{"start":{"line":1048,"column":4},"end":{"line":1048,"column":4}},{"start":{"line":1048,"column":4},"end":{"line":1048,"column":4}}]},"21":{"line":1077,"type":"if","locations":[{"start":{"line":1077,"column":4},"end":{"line":1077,"column":4}},{"start":{"line":1077,"column":4},"end":{"line":1077,"column":4}}]},"22":{"line":1089,"type":"if","locations":[{"start":{"line":1089,"column":6},"end":{"line":1089,"column":6}},{"start":{"line":1089,"column":6},"end":{"line":1089,"column":6}}]},"23":{"line":1107,"type":"if","locations":[{"start":{"line":1107,"column":4},"end":{"line":1107,"column":4}},{"start":{"line":1107,"column":4},"end":{"line":1107,"column":4}}]},"24":{"line":1157,"type":"if","locations":[{"start":{"line":1157,"column":4},"end":{"line":1157,"column":4}},{"start":{"line":1157,"column":4},"end":{"line":1157,"column":4}}]},"25":{"line":1161,"type":"if","locations":[{"start":{"line":1161,"column":11},"end":{"line":1161,"column":11}},{"start":{"line":1161,"column":11},"end":{"line":1161,"column":11}}]},"26":{"line":1180,"type":"if","locations":[{"start":{"line":1180,"column":4},"end":{"line":1180,"column":4}},{"start":{"line":1180,"column":4},"end":{"line":1180,"column":4}}]},"27":{"line":1185,"type":"if","locations":[{"start":{"line":1185,"column":11},"end":{"line":1185,"column":11}},{"start":{"line":1185,"column":11},"end":{"line":1185,"column":11}}]},"28":{"line":1228,"type":"if","locations":[{"start":{"line":1228,"column":4},"end":{"line":1228,"column":4}},{"start":{"line":1228,"column":4},"end":{"line":1228,"column":4}}]},"29":{"line":1243,"type":"if","locations":[{"start":{"line":1243,"column":4},"end":{"line":1243,"column":4}},{"start":{"line":1243,"column":4},"end":{"line":1243,"column":4}}]},"30":{"line":1261,"type":"if","locations":[{"start":{"line":1261,"column":4},"end":{"line":1261,"column":4}},{"start":{"line":1261,"column":4},"end":{"line":1261,"column":4}}]},"31":{"line":1288,"type":"if","locations":[{"start":{"line":1288,"column":4},"end":{"line":1288,"column":4}},{"start":{"line":1288,"column":4},"end":{"line":1288,"column":4}}]},"32":{"line":1313,"type":"if","locations":[{"start":{"line":1313,"column":4},"end":{"line":1313,"column":4}},{"start":{"line":1313,"column":4},"end":{"line":1313,"column":4}}]},"33":{"line":1329,"type":"if","locations":[{"start":{"line":1329,"column":4},"end":{"line":1329,"column":4}},{"start":{"line":1329,"column":4},"end":{"line":1329,"column":4}}]}}},
"contracts/mocks/AaveIncentivesControllerMock.sol":{"l":{},"path":"/home/jasoons/Documents/code/monorepo/contracts/contracts/mocks/AaveIncentivesControllerMock.sol","s":{},"b":{},"f":{"1":0,"2":0},"fnMap":{"1":{"name":"claimRewards","line":9,"loc":{"start":{"line":9,"column":2},"end":{"line":13,"column":55}}},"2":{"name":"getUserUnclaimedRewards","line":15,"loc":{"start":{"line":15,"column":2},"end":{"line":20,"column":3}}}},"statementMap":{},"branchMap":{}},
"contracts/Staker.sol":{"l":{"85":1,"89":4,"90":4,"94":99,"98":102,"99":102,"103":325,"107":327,"108":327,"115":0,"119":0,"127":10,"128":10,"132":112,"133":112,"160":14,"170":14,"171":14,"172":14,"173":14,"174":14,"176":14,"177":14,"179":14,"181":14,"190":18,"191":16,"199":1,"200":1,"205":58,"206":57,"218":1,"219":1,"230":61,"235":59,"236":58,"238":58,"242":58,"244":58,"249":58,"250":58,"251":58,"267":2,"274":2,"307":57,"310":57,"312":57,"313":57,"315":57,"317":57,"318":57,"319":57,"326":57,"327":57,"329":57,"331":57,"341":57,"361":268,"362":268,"364":268,"365":0,"378":271,"384":271,"386":270,"389":270,"390":1,"394":269,"424":285,"426":285,"430":285,"433":285,"438":285,"439":192,"442":1,"445":191,"448":191,"452":191,"453":191,"455":191,"460":93,"463":2,"466":91,"469":91,"473":91,"474":91,"476":91,"492":268,"518":269,"527":269,"533":269,"559":270,"573":270,"577":270,"579":270,"583":270,"586":270,"588":270,"608":49,"609":49,"614":49,"617":49,"618":1,"623":1,"638":49,"639":49,"641":49,"642":49,"644":49,"646":49,"649":49,"650":1,"653":48,"655":48,"656":0,"666":0,"670":0,"671":0,"678":0,"679":0,"682":0,"686":0,"687":0,"694":0,"695":0,"699":0,"700":0,"702":0,"704":0,"712":0,"714":48,"731":49,"732":49,"744":50,"746":50,"748":49,"750":49,"751":49,"764":3,"765":3,"766":3,"767":5,"772":5,"774":1,"776":1,"778":1,"781":3,"782":1,"791":2,"792":2,"803":1,"804":1,"825":102,"826":102,"828":102,"829":102,"831":102,"835":50,"838":102,"841":102,"843":102,"867":10,"868":10,"869":10,"874":10,"879":9,"885":9,"889":9,"890":9,"892":9,"917":0,"919":0,"920":0,"922":0,"931":0,"932":0,"934":0,"936":0,"940":0,"957":0,"958":0,"959":0,"968":0,"969":0,"971":0,"973":0,"975":0,"978":0,"980":0,"992":0,"1022":0,"1036":0,"1038":0,"1039":0,"1040":0,"1041":0,"1043":0,"1045":0,"1047":0,"1048":0,"1049":0,"1050":0},"path":"/home/jasoons/Documents/code/monorepo/contracts/contracts/Staker.sol","s":{"1":1,"2":4,"3":99,"4":102,"5":325,"6":327,"7":0,"8":0,"9":10,"10":112,"11":14,"12":14,"13":14,"14":14,"15":14,"16":14,"17":14,"18":14,"19":14,"20":14,"21":18,"22":16,"23":1,"24":1,"25":58,"26":57,"27":1,"28":1,"29":61,"30":59,"31":58,"32":58,"33":58,"34":58,"35":58,"36":58,"37":2,"38":2,"39":57,"40":57,"41":57,"42":57,"43":57,"44":57,"45":57,"46":57,"47":57,"48":57,"49":57,"50":57,"51":57,"52":268,"53":268,"54":268,"55":0,"56":271,"57":271,"58":270,"59":270,"60":1,"61":269,"62":285,"63":285,"64":285,"65":285,"66":285,"67":192,"68":1,"69":191,"70":191,"71":191,"72":191,"73":191,"74":93,"75":2,"76":91,"77":91,"78":91,"79":91,"80":91,"81":268,"82":269,"83":269,"84":269,"85":270,"86":270,"87":270,"88":270,"89":270,"90":270,"91":270,"92":49,"93":49,"94":49,"95":49,"96":1,"97":1,"98":49,"99":49,"100":49,"101":49,"102":49,"103":49,"104":49,"105":1,"106":48,"107":48,"108":0,"109":0,"110":0,"111":0,"112":0,"113":0,"114":0,"115":0,"116":0,"117":0,"118":0,"119":0,"120":0,"121":0,"122":0,"123":0,"124":48,"125":49,"126":49,"127":50,"128":50,"129":49,"130":49,"131":49,"132":3,"133":3,"134":3,"135":5,"136":5,"137":1,"138":1,"139":1,"140":3,"141":1,"142":2,"143":2,"144":1,"145":1,"146":102,"147":102,"148":102,"149":102,"150":102,"151":50,"152":102,"153":102,"154":102,"155":10,"156":10,"157":10,"158":10,"159":9,"160":9,"161":9,"162":9,"163":9,"164":0,"165":0,"166":0,"167":0,"168":0,"169":0,"170":0,"171":0,"172":0,"173":0,"174":0,"175":0,"176":0,"177":0,"178":0,"179":0,"180":0,"181":0,"182":0,"183":0,"184":0,"185":0,"186":0,"187":0,"188":0,"189":0,"190":0,"191":0,"192":0,"193":0,"194":0},"b":{"1":[98,1],"2":[324,1],"3":[0,0],"4":[14,0],"5":[16,2],"6":[57,1],"7":[59,2],"8":[58,1],"9":[58,0],"10":[58,0],"11":[57,0],"12":[0,268],"13":[1,269],"14":[192,93],"15":[1,191],"16":[2,91],"17":[49,0],"18":[1,48],"19":[1,48],"20":[0,48],"21":[0,0],"22":[0,0],"23":[49,1],"24":[1,4],"25":[1,2],"26":[50,52],"27":[10,0],"28":[9,1],"29":[0,0],"30":[0,0],"31":[0,0]},"f":{"1":1,"2":4,"3":99,"4":102,"5":325,"6":327,"7":0,"8":10,"9":112,"10":14,"11":18,"12":1,"13":58,"14":1,"15":61,"16":2,"17":57,"18":268,"19":271,"20":285,"21":268,"22":269,"23":270,"24":49,"25":49,"26":49,"27":50,"28":3,"29":2,"30":1,"31":102,"32":10,"33":0,"34":0,"35":0,"36":0,"37":0,"38":0},"fnMap":{"1":{"name":"onlyAdminModifierLogic","line":84,"loc":{"start":{"line":84,"column":2},"end":{"line":86,"column":2}}},"2":{"name":"onlyAdmin","line":88,"loc":{"start":{"line":88,"column":2},"end":{"line":91,"column":2}}},"3":{"name":"onlyValidSyntheticModifierLogic","line":93,"loc":{"start":{"line":93,"column":2},"end":{"line":95,"column":2}}},"4":{"name":"onlyValidSynthetic","line":97,"loc":{"start":{"line":97,"column":2},"end":{"line":100,"column":2}}},"5":{"name":"onlyLongShortModifierLogic","line":102,"loc":{"start":{"line":102,"column":2},"end":{"line":104,"column":2}}},"6":{"name":"onlyLongShort","line":106,"loc":{"start":{"line":106,"column":2},"end":{"line":109,"column":2}}},"7":{"name":"_updateUsersStakedPosition_mintAccumulatedFloatAndExecuteOutstandingShifts","line":111,"loc":{"start":{"line":111,"column":2},"end":{"line":121,"column":2}}},"8":{"name":"updateUsersStakedPosition_mintAccumulatedFloatAndExecuteOutstandingShifts","line":123,"loc":{"start":{"line":123,"column":2},"end":{"line":129,"column":2}}},"9":{"name":"gemCollecting","line":131,"loc":{"start":{"line":131,"column":2},"end":{"line":134,"column":2}}},"10":{"name":"initialize","line":159,"loc":{"start":{"line":150,"column":2},"end":{"line":182,"column":2}}},"11":{"name":"_changeFloatPercentage","line":189,"loc":{"start":{"line":189,"column":2},"end":{"line":192,"column":2}}},"12":{"name":"changeFloatPercentage","line":198,"loc":{"start":{"line":198,"column":2},"end":{"line":201,"column":2}}},"13":{"name":"_changeUnstakeFee","line":204,"loc":{"start":{"line":204,"column":2},"end":{"line":207,"column":2}}},"14":{"name":"changeUnstakeFee","line":216,"loc":{"start":{"line":214,"column":2},"end":{"line":220,"column":2}}},"15":{"name":"_changeBalanceIncentiveParameters","line":223,"loc":{"start":{"line":223,"column":2},"end":{"line":252,"column":2}}},"16":{"name":"changeBalanceIncentiveParameters","line":266,"loc":{"start":{"line":261,"column":2},"end":{"line":280,"column":2}}},"17":{"name":"addNewStakingFund","line":306,"loc":{"start":{"line":297,"column":2},"end":{"line":342,"column":2}}},"18":{"name":"_getMarketLaunchIncentiveParameters","line":355,"loc":{"start":{"line":355,"column":2},"end":{"line":367,"column":2}}},"19":{"name":"_getKValue","line":376,"loc":{"start":{"line":376,"column":2},"end":{"line":396,"column":2}}},"20":{"name":"_calculateFloatPerSecond","line":415,"loc":{"start":{"line":415,"column":2},"end":{"line":481,"column":2}}},"21":{"name":"_calculateTimeDeltaFromLastAccumulativeIssuancePerStakedSynthSnapshot","line":488,"loc":{"start":{"line":488,"column":2},"end":{"line":495,"column":2}}},"22":{"name":"_calculateNewCumulativeIssuancePerStakedSynth","line":509,"loc":{"start":{"line":509,"column":2},"end":{"line":539,"column":2}}},"23":{"name":"pushUpdatedMarketPricesToUpdateFloatIssuanceCalculations","line":558,"loc":{"start":{"line":551,"column":2},"end":{"line":594,"column":2}}},"24":{"name":"_calculateAccumulatedFloatInRange","line":601,"loc":{"start":{"line":601,"column":2},"end":{"line":625,"column":2}}},"25":{"name":"_calculateAccumulatedFloatAndExecuteOutstandingShifts","line":633,"loc":{"start":{"line":633,"column":2},"end":{"line":722,"column":2}}},"26":{"name":"_mintFloat","line":730,"loc":{"start":{"line":730,"column":2},"end":{"line":733,"column":2}}},"27":{"name":"_mintAccumulatedFloatAndExecuteOutstandingShifts","line":740,"loc":{"start":{"line":740,"column":2},"end":{"line":753,"column":2}}},"28":{"name":"_mintAccumulatedFloatAndExecuteOutstandingShiftsMulti","line":760,"loc":{"start":{"line":760,"column":2},"end":{"line":784,"column":2}}},"29":{"name":"claimFloatCustom","line":790,"loc":{"start":{"line":790,"column":2},"end":{"line":793,"column":2}}},"30":{"name":"claimFloatCustomFor","line":800,"loc":{"start":{"line":800,"column":2},"end":{"line":805,"column":2}}},"31":{"name":"stakeFromUser","line":823,"loc":{"start":{"line":818,"column":2},"end":{"line":844,"column":2}}},"32":{"name":"shiftTokens","line":865,"loc":{"start":{"line":853,"column":2},"end":{"line":899,"column":2}}},"33":{"name":"_withdraw","line":916,"loc":{"start":{"line":912,"column":2},"end":{"line":923,"column":2}}},"34":{"name":"_withdrawPrepLogic","line":925,"loc":{"start":{"line":925,"column":2},"end":{"line":944,"column":2}}},"35":{"name":"withdraw","line":952,"loc":{"start":{"line":952,"column":2},"end":{"line":960,"column":2}}},"36":{"name":"withdrawAll","line":967,"loc":{"start":{"line":967,"column":2},"end":{"line":981,"column":2}}},"37":{"name":"_hasher","line":983,"loc":{"start":{"line":983,"column":2},"end":{"line":1009,"column":2}}},"38":{"name":"withdrawWithVoucher","line":1021,"loc":{"start":{"line":1011,"column":2},"end":{"line":1051,"column":2}}}},"statementMap":{"1":{"start":{"line":85,"column":4},"end":{"line":85,"column":37}},"2":{"start":{"line":89,"column":4},"end":{"line":89,"column":27}},"3":{"start":{"line":94,"column":4},"end":{"line":94,"column":62}},"4":{"start":{"line":98,"column":4},"end":{"line":98,"column":42}},"5":{"start":{"line":103,"column":4},"end":{"line":103,"column":61}},"6":{"start":{"line":107,"column":4},"end":{"line":107,"column":31}},"7":{"start":{"line":115,"column":4},"end":{"line":115,"column":4025}},"8":{"start":{"line":119,"column":6},"end":{"line":119,"column":78}},"9":{"start":{"line":127,"column":4},"end":{"line":127,"column":96}},"10":{"start":{"line":132,"column":4},"end":{"line":132,"column":22}},"11":{"start":{"line":160,"column":4},"end":{"line":160,"column":5550}},"12":{"start":{"line":170,"column":4},"end":{"line":170,"column":31}},"13":{"start":{"line":171,"column":4},"end":{"line":171,"column":33}},"14":{"start":{"line":172,"column":4},"end":{"line":172,"column":25}},"15":{"start":{"line":173,"column":4},"end":{"line":173,"column":27}},"16":{"start":{"line":174,"column":4},"end":{"line":174,"column":15}},"17":{"start":{"line":176,"column":4},"end":{"line":176,"column":47}},"18":{"start":{"line":177,"column":4},"end":{"line":177,"column":45}},"19":{"start":{"line":179,"column":4},"end":{"line":179,"column":43}},"20":{"start":{"line":181,"column":4},"end":{"line":181,"column":87}},"21":{"start":{"line":190,"column":4},"end":{"line":190,"column":64}},"22":{"start":{"line":191,"column":4},"end":{"line":191,"column":39}},"23":{"start":{"line":199,"column":4},"end":{"line":199,"column":45}},"24":{"start":{"line":200,"column":4},"end":{"line":200,"column":51}},"25":{"start":{"line":205,"column":4},"end":{"line":205,"column":43}},"26":{"start":{"line":206,"column":4},"end":{"line":206,"column":62}},"27":{"start":{"line":218,"column":4},"end":{"line":218,"column":58}},"28":{"start":{"line":219,"column":4},"end":{"line":219,"column":72}},"29":{"start":{"line":230,"column":4},"end":{"line":230,"column":7976}},"30":{"start":{"line":235,"column":4},"end":{"line":235,"column":95}},"31":{"start":{"line":236,"column":4},"end":{"line":236,"column":83}},"32":{"start":{"line":238,"column":4},"end":{"line":238,"column":8431}},"33":{"start":{"line":244,"column":4},"end":{"line":244,"column":8744}},"34":{"start":{"line":249,"column":4},"end":{"line":249,"column":80}},"35":{"start":{"line":250,"column":4},"end":{"line":250,"column":98}},"36":{"start":{"line":251,"column":4},"end":{"line":251,"column":66}},"37":{"start":{"line":267,"column":4},"end":{"line":267,"column":9685}},"38":{"start":{"line":274,"column":4},"end":{"line":274,"column":9870}},"39":{"start":{"line":307,"column":4},"end":{"line":307,"column":76}},"40":{"start":{"line":310,"column":4},"end":{"line":310,"column":47}},"41":{"start":{"line":312,"column":4},"end":{"line":312,"column":46}},"42":{"start":{"line":313,"column":4},"end":{"line":313,"column":47}},"43":{"start":{"line":315,"column":4},"end":{"line":315,"column":90}},"44":{"start":{"line":317,"column":4},"end":{"line":317,"column":49}},"45":{"start":{"line":318,"column":4},"end":{"line":318,"column":51}},"46":{"start":{"line":319,"column":4},"end":{"line":319,"column":11631}},"47":{"start":{"line":326,"column":4},"end":{"line":326,"column":54}},"48":{"start":{"line":327,"column":4},"end":{"line":327,"column":70}},"49":{"start":{"line":329,"column":4},"end":{"line":329,"column":49}},"50":{"start":{"line":331,"column":4},"end":{"line":331,"column":12006}},"51":{"start":{"line":341,"column":4},"end":{"line":341,"column":80}},"52":{"start":{"line":361,"column":4},"end":{"line":361,"column":53}},"53":{"start":{"line":362,"column":4},"end":{"line":362,"column":62}},"54":{"start":{"line":364,"column":4},"end":{"line":364,"column":13280}},"55":{"start":{"line":365,"column":6},"end":{"line":365,"column":22}},"56":{"start":{"line":378,"column":4},"end":{"line":378,"column":13840}},"57":{"start":{"line":384,"column":4},"end":{"line":384,"column":37}},"58":{"start":{"line":386,"column":4},"end":{"line":386,"column":14155}},"59":{"start":{"line":389,"column":4},"end":{"line":389,"column":14253}},"60":{"start":{"line":390,"column":6},"end":{"line":390,"column":14395}},"61":{"start":{"line":394,"column":6},"end":{"line":394,"column":17}},"62":{"start":{"line":424,"column":4},"end":{"line":424,"column":39}},"63":{"start":{"line":426,"column":4},"end":{"line":426,"column":50}},"64":{"start":{"line":430,"column":4},"end":{"line":430,"column":16171}},"65":{"start":{"line":433,"column":4},"end":{"line":433,"column":68}},"66":{"start":{"line":438,"column":4},"end":{"line":438,"column":16517}},"67":{"start":{"line":439,"column":6},"end":{"line":439,"column":16609}},"68":{"start":{"line":442,"column":8},"end":{"line":442,"column":34}},"69":{"start":{"line":445,"column":6},"end":{"line":445,"column":16951}},"70":{"start":{"line":448,"column":6},"end":{"line":448,"column":17096}},"71":{"start":{"line":452,"column":6},"end":{"line":452,"column":67}},"72":{"start":{"line":453,"column":6},"end":{"line":453,"column":61}},"73":{"start":{"line":455,"column":6},"end":{"line":455,"column":17352}},"74":{"start":{"line":460,"column":6},"end":{"line":460,"column":17495}},"75":{"start":{"line":463,"column":8},"end":{"line":463,"column":33}},"76":{"start":{"line":466,"column":6},"end":{"line":466,"column":17835}},"77":{"start":{"line":469,"column":6},"end":{"line":469,"column":17979}},"78":{"start":{"line":473,"column":6},"end":{"line":473,"column":68}},"79":{"start":{"line":474,"column":6},"end":{"line":474,"column":61}},"80":{"start":{"line":476,"column":6},"end":{"line":476,"column":18236}},"81":{"start":{"line":492,"column":4},"end":{"line":492,"column":18890}},"82":{"start":{"line":518,"column":4},"end":{"line":518,"column":20035}},"83":{"start":{"line":527,"column":4},"end":{"line":527,"column":20316}},"84":{"start":{"line":533,"column":4},"end":{"line":533,"column":20517}},"85":{"start":{"line":559,"column":4},"end":{"line":559,"column":21772}},"86":{"start":{"line":573,"column":4},"end":{"line":573,"column":22155}},"87":{"start":{"line":577,"column":4},"end":{"line":577,"column":22400}},"88":{"start":{"line":579,"column":4},"end":{"line":579,"column":22524}},"89":{"start":{"line":583,"column":4},"end":{"line":583,"column":73}},"90":{"start":{"line":586,"column":4},"end":{"line":586,"column":53}},"91":{"start":{"line":588,"column":4},"end":{"line":588,"column":22873}},"92":{"start":{"line":608,"column":4},"end":{"line":608,"column":23509}},"93":{"start":{"line":609,"column":6},"end":{"line":609,"column":23589}},"94":{"start":{"line":614,"column":6},"end":{"line":614,"column":86}},"95":{"start":{"line":617,"column":4},"end":{"line":617,"column":23932}},"96":{"start":{"line":618,"column":6},"end":{"line":618,"column":24014}},"97":{"start":{"line":623,"column":6},"end":{"line":623,"column":88}},"98":{"start":{"line":638,"column":4},"end":{"line":638,"column":58}},"99":{"start":{"line":639,"column":4},"end":{"line":639,"column":60}},"100":{"start":{"line":641,"column":4},"end":{"line":641,"column":64}},"101":{"start":{"line":642,"column":4},"end":{"line":642,"column":66}},"102":{"start":{"line":644,"column":4},"end":{"line":644,"column":82}},"103":{"start":{"line":646,"column":4},"end":{"line":646,"column":63}},"104":{"start":{"line":649,"column":4},"end":{"line":649,"column":25281}},"105":{"start":{"line":650,"column":6},"end":{"line":650,"column":14}},"106":{"start":{"line":653,"column":4},"end":{"line":653,"column":80}},"107":{"start":{"line":655,"column":4},"end":{"line":655,"column":25557}},"108":{"start":{"line":656,"column":6},"end":{"line":656,"column":25633}},"109":{"start":{"line":666,"column":6},"end":{"line":666,"column":25877}},"110":{"start":{"line":670,"column":6},"end":{"line":670,"column":26053}},"111":{"start":{"line":671,"column":8},"end":{"line":671,"column":26107}},"112":{"start":{"line":678,"column":8},"end":{"line":678,"column":59}},"113":{"start":{"line":679,"column":8},"end":{"line":679,"column":92}},"114":{"start":{"line":682,"column":6},"end":{"line":682,"column":26497}},"115":{"start":{"line":686,"column":6},"end":{"line":686,"column":26665}},"116":{"start":{"line":687,"column":8},"end":{"line":687,"column":26719}},"117":{"start":{"line":694,"column":8},"end":{"line":694,"column":60}},"118":{"start":{"line":695,"column":8},"end":{"line":695,"column":93}},"119":{"start":{"line":699,"column":6},"end":{"line":699,"column":57}},"120":{"start":{"line":700,"column":6},"end":{"line":700,"column":59}},"121":{"start":{"line":702,"column":6},"end":{"line":702,"column":79}},"122":{"start":{"line":704,"column":6},"end":{"line":704,"column":27350}},"123":{"start":{"line":712,"column":6},"end":{"line":712,"column":59}},"124":{"start":{"line":714,"column":6},"end":{"line":714,"column":27617}},"125":{"start":{"line":731,"column":4},"end":{"line":731,"column":50}},"126":{"start":{"line":732,"column":4},"end":{"line":732,"column":85}},"127":{"start":{"line":744,"column":4},"end":{"line":744,"column":98}},"128":{"start":{"line":746,"column":4},"end":{"line":746,"column":28627}},"129":{"start":{"line":748,"column":6},"end":{"line":748,"column":85}},"130":{"start":{"line":750,"column":6},"end":{"line":750,"column":34}},"131":{"start":{"line":751,"column":6},"end":{"line":751,"column":54}},"132":{"start":{"line":764,"column":4},"end":{"line":764,"column":26}},"133":{"start":{"line":765,"column":4},"end":{"line":765,"column":41}},"134":{"start":{"line":766,"column":4},"end":{"line":766,"column":29345}},"135":{"start":{"line":767,"column":6},"end":{"line":767,"column":29393}},"136":{"start":{"line":772,"column":6},"end":{"line":772,"column":29524}},"137":{"start":{"line":774,"column":8},"end":{"line":774,"column":97}},"138":{"start":{"line":776,"column":8},"end":{"line":776,"column":32}},"139":{"start":{"line":778,"column":8},"end":{"line":778,"column":61}},"140":{"start":{"line":781,"column":4},"end":{"line":781,"column":29845}},"141":{"start":{"line":782,"column":6},"end":{"line":782,"column":33}},"142":{"start":{"line":791,"column":4},"end":{"line":791,"column":62}},"143":{"start":{"line":792,"column":4},"end":{"line":792,"column":83}},"144":{"start":{"line":803,"column":4},"end":{"line":803,"column":62}},"145":{"start":{"line":804,"column":4},"end":{"line":804,"column":77}},"146":{"start":{"line":825,"column":4},"end":{"line":825,"column":55}},"147":{"start":{"line":826,"column":4},"end":{"line":826,"column":55}},"148":{"start":{"line":828,"column":4},"end":{"line":828,"column":97}},"149":{"start":{"line":829,"column":4},"end":{"line":829,"column":63}},"150":{"start":{"line":831,"column":4},"end":{"line":831,"column":31797}},"151":{"start":{"line":835,"column":6},"end":{"line":835,"column":72}},"152":{"start":{"line":838,"column":4},"end":{"line":838,"column":47}},"153":{"start":{"line":841,"column":4},"end":{"line":841,"column":71}},"154":{"start":{"line":843,"column":4},"end":{"line":843,"column":65}},"155":{"start":{"line":867,"column":4},"end":{"line":867,"column":63}},"156":{"start":{"line":868,"column":4},"end":{"line":868,"column":65}},"157":{"start":{"line":869,"column":4},"end":{"line":869,"column":33093}},"158":{"start":{"line":874,"column":4},"end":{"line":874,"column":33282}},"159":{"start":{"line":879,"column":4},"end":{"line":879,"column":33408}},"160":{"start":{"line":885,"column":4},"end":{"line":885,"column":33569}},"161":{"start":{"line":889,"column":4},"end":{"line":889,"column":64}},"162":{"start":{"line":890,"column":4},"end":{"line":890,"column":77}},"163":{"start":{"line":892,"column":4},"end":{"line":892,"column":33834}},"164":{"start":{"line":917,"column":4},"end":{"line":917,"column":76}},"165":{"start":{"line":919,"column":4},"end":{"line":919,"column":61}},"166":{"start":{"line":920,"column":4},"end":{"line":920,"column":67}},"167":{"start":{"line":922,"column":4},"end":{"line":922,"column":50}},"168":{"start":{"line":931,"column":4},"end":{"line":931,"column":55}},"169":{"start":{"line":932,"column":4},"end":{"line":932,"column":76}},"170":{"start":{"line":934,"column":4},"end":{"line":934,"column":69}},"171":{"start":{"line":936,"column":4},"end":{"line":936,"column":35256}},"172":{"start":{"line":957,"column":4},"end":{"line":957,"column":68}},"173":{"start":{"line":958,"column":4},"end":{"line":958,"column":69}},"174":{"start":{"line":959,"column":4},"end":{"line":959,"column":40}},"175":{"start":{"line":968,"column":4},"end":{"line":968,"column":55}},"176":{"start":{"line":969,"column":4},"end":{"line":969,"column":76}},"177":{"start":{"line":971,"column":4},"end":{"line":971,"column":68}},"178":{"start":{"line":973,"column":4},"end":{"line":973,"column":82}},"179":{"start":{"line":975,"column":4},"end":{"line":975,"column":36737}},"180":{"start":{"line":978,"column":4},"end":{"line":978,"column":66}},"181":{"start":{"line":980,"column":4},"end":{"line":980,"column":94}},"182":{"start":{"line":992,"column":4},"end":{"line":992,"column":37262}},"183":{"start":{"line":1022,"column":4},"end":{"line":1022,"column":37917}},"184":{"start":{"line":1036,"column":4},"end":{"line":1036,"column":41}},"185":{"start":{"line":1038,"column":4},"end":{"line":1038,"column":54}},"186":{"start":{"line":1039,"column":4},"end":{"line":1039,"column":59}},"187":{"start":{"line":1040,"column":4},"end":{"line":1040,"column":87}},"188":{"start":{"line":1041,"column":4},"end":{"line":1041,"column":52}},"189":{"start":{"line":1043,"column":4},"end":{"line":1043,"column":68}},"190":{"start":{"line":1045,"column":4},"end":{"line":1045,"column":77}},"191":{"start":{"line":1047,"column":4},"end":{"line":1047,"column":70}},"192":{"start":{"line":1048,"column":4},"end":{"line":1048,"column":61}},"193":{"start":{"line":1049,"column":4},"end":{"line":1049,"column":75}},"194":{"start":{"line":1050,"column":4},"end":{"line":1050,"column":58}}},"branchMap":{"1":{"line":94,"type":"if","locations":[{"start":{"line":94,"column":4},"end":{"line":94,"column":4}},{"start":{"line":94,"column":4},"end":{"line":94,"column":4}}]},"2":{"line":103,"type":"if","locations":[{"start":{"line":103,"column":4},"end":{"line":103,"column":4}},{"start":{"line":103,"column":4},"end":{"line":103,"column":4}}]},"3":{"line":115,"type":"if","locations":[{"start":{"line":115,"column":4},"end":{"line":115,"column":4}},{"start":{"line":115,"column":4},"end":{"line":115,"column":4}}]},"4":{"line":160,"type":"if","locations":[{"start":{"line":160,"column":4},"end":{"line":160,"column":4}},{"start":{"line":160,"column":4},"end":{"line":160,"column":4}}]},"5":{"line":190,"type":"if","locations":[{"start":{"line":190,"column":4},"end":{"line":190,"column":4}},{"start":{"line":190,"column":4},"end":{"line":190,"column":4}}]},"6":{"line":205,"type":"if","locations":[{"start":{"line":205,"column":4},"end":{"line":205,"column":4}},{"start":{"line":205,"column":4},"end":{"line":205,"column":4}}]},"7":{"line":230,"type":"if","locations":[{"start":{"line":230,"column":4},"end":{"line":230,"column":4}},{"start":{"line":230,"column":4},"end":{"line":230,"column":4}}]},"8":{"line":235,"type":"if","locations":[{"start":{"line":235,"column":4},"end":{"line":235,"column":4}},{"start":{"line":235,"column":4},"end":{"line":235,"column":4}}]},"9":{"line":236,"type":"if","locations":[{"start":{"line":236,"column":4},"end":{"line":236,"column":4}},{"start":{"line":236,"column":4},"end":{"line":236,"column":4}}]},"10":{"line":244,"type":"if","locations":[{"start":{"line":244,"column":4},"end":{"line":244,"column":4}},{"start":{"line":244,"column":4},"end":{"line":244,"column":4}}]},"11":{"line":307,"type":"if","locations":[{"start":{"line":307,"column":4},"end":{"line":307,"column":4}},{"start":{"line":307,"column":4},"end":{"line":307,"column":4}}]},"12":{"line":364,"type":"if","locations":[{"start":{"line":364,"column":4},"end":{"line":364,"column":4}},{"start":{"line":364,"column":4},"end":{"line":364,"column":4}}]},"13":{"line":389,"type":"if","locations":[{"start":{"line":389,"column":4},"end":{"line":389,"column":4}},{"start":{"line":389,"column":4},"end":{"line":389,"column":4}}]},"14":{"line":438,"type":"if","locations":[{"start":{"line":438,"column":4},"end":{"line":438,"column":4}},{"start":{"line":438,"column":4},"end":{"line":438,"column":4}}]},"15":{"line":439,"type":"if","locations":[{"start":{"line":439,"column":6},"end":{"line":439,"column":6}},{"start":{"line":439,"column":6},"end":{"line":439,"column":6}}]},"16":{"line":460,"type":"if","locations":[{"start":{"line":460,"column":6},"end":{"line":460,"column":6}},{"start":{"line":460,"column":6},"end":{"line":460,"column":6}}]},"17":{"line":608,"type":"if","locations":[{"start":{"line":608,"column":4},"end":{"line":608,"column":4}},{"start":{"line":608,"column":4},"end":{"line":608,"column":4}}]},"18":{"line":617,"type":"if","locations":[{"start":{"line":617,"column":4},"end":{"line":617,"column":4}},{"start":{"line":617,"column":4},"end":{"line":617,"column":4}}]},"19":{"line":649,"type":"if","locations":[{"start":{"line":649,"column":4},"end":{"line":649,"column":4}},{"start":{"line":649,"column":4},"end":{"line":649,"column":4}}]},"20":{"line":655,"type":"if","locations":[{"start":{"line":655,"column":4},"end":{"line":655,"column":4}},{"start":{"line":655,"column":4},"end":{"line":655,"column":4}}]},"21":{"line":670,"type":"if","locations":[{"start":{"line":670,"column":6},"end":{"line":670,"column":6}},{"start":{"line":670,"column":6},"end":{"line":670,"column":6}}]},"22":{"line":686,"type":"if","locations":[{"start":{"line":686,"column":6},"end":{"line":686,"column":6}},{"start":{"line":686,"column":6},"end":{"line":686,"column":6}}]},"23":{"line":746,"type":"if","locations":[{"start":{"line":746,"column":4},"end":{"line":746,"column":4}},{"start":{"line":746,"column":4},"end":{"line":746,"column":4}}]},"24":{"line":772,"type":"if","locations":[{"start":{"line":772,"column":6},"end":{"line":772,"column":6}},{"start":{"line":772,"column":6},"end":{"line":772,"column":6}}]},"25":{"line":781,"type":"if","locations":[{"start":{"line":781,"column":4},"end":{"line":781,"column":4}},{"start":{"line":781,"column":4},"end":{"line":781,"column":4}}]},"26":{"line":831,"type":"if","locations":[{"start":{"line":831,"column":4},"end":{"line":831,"column":4}},{"start":{"line":831,"column":4},"end":{"line":831,"column":4}}]},"27":{"line":867,"type":"if","locations":[{"start":{"line":867,"column":4},"end":{"line":867,"column":4}},{"start":{"line":867,"column":4},"end":{"line":867,"column":4}}]},"28":{"line":874,"type":"if","locations":[{"start":{"line":874,"column":4},"end":{"line":874,"column":4}},{"start":{"line":874,"column":4},"end":{"line":874,"column":4}}]},"29":{"line":1038,"type":"if","locations":[{"start":{"line":1038,"column":4},"end":{"line":1038,"column":4}},{"start":{"line":1038,"column":4},"end":{"line":1038,"column":4}}]},"30":{"line":1039,"type":"if","locations":[{"start":{"line":1039,"column":4},"end":{"line":1039,"column":4}},{"start":{"line":1039,"column":4},"end":{"line":1039,"column":4}}]},"31":{"line":1040,"type":"if","locations":[{"start":{"line":1040,"column":4},"end":{"line":1040,"column":4}},{"start":{"line":1040,"column":4},"end":{"line":1040,"column":4}}]}}},
"contracts/SyntheticToken.sol":{"l":{"49":114,"50":114,"51":114,"52":114,"54":114,"55":114,"64":98,"66":98,"74":427,"85":217,"92":3,"93":3,"109":3,"111":3,"112":3,"114":0,"124":103,"139":424,"140":318,"142":424,"152":206},"path":"/home/jasoons/Documents/code/monorepo/contracts/contracts/SyntheticToken.sol","s":{"1":114,"2":114,"3":114,"4":114,"5":114,"6":114,"7":98,"8":98,"9":427,"10":217,"11":3,"12":3,"13":3,"14":3,"15":3,"16":0,"17":103,"18":424,"19":318,"20":424,"21":206},"b":{"1":[3,0],"2":[3,0],"3":[318,106]},"f":{"1":114,"2":98,"3":427,"4":217,"5":3,"6":3,"7":103,"8":424,"9":206},"fnMap":{"1":{"name":"constructor","line":48,"loc":{"start":{"line":41,"column":2},"end":{"line":56,"column":2}}},"2":{"name":"stake","line":61,"loc":{"start":{"line":61,"column":2},"end":{"line":67,"column":2}}},"3":{"name":"totalSupply","line":73,"loc":{"start":{"line":73,"column":2},"end":{"line":75,"column":2}}},"4":{"name":"mint","line":84,"loc":{"start":{"line":84,"column":2},"end":{"line":86,"column":2}}},"5":{"name":"burn","line":91,"loc":{"start":{"line":91,"column":2},"end":{"line":94,"column":2}}},"6":{"name":"transferFrom","line":104,"loc":{"start":{"line":104,"column":2},"end":{"line":116,"column":2}}},"7":{"name":"transfer","line":118,"loc":{"start":{"line":118,"column":2},"end":{"line":125,"column":2}}},"8":{"name":"_beforeTokenTransfer","line":134,"loc":{"start":{"line":134,"column":2},"end":{"line":143,"column":2}}},"9":{"name":"balanceOf","line":151,"loc":{"start":{"line":151,"column":2},"end":{"line":159,"column":2}}}},"statementMap":{"1":{"start":{"line":49,"column":4},"end":{"line":49,"column":25}},"2":{"start":{"line":50,"column":4},"end":{"line":50,"column":19}},"3":{"start":{"line":51,"column":4},"end":{"line":51,"column":29}},"4":{"start":{"line":52,"column":4},"end":{"line":52,"column":19}},"5":{"start":{"line":54,"column":4},"end":{"line":54,"column":45}},"6":{"start":{"line":55,"column":4},"end":{"line":55,"column":38}},"7":{"start":{"line":64,"column":4},"end":{"line":64,"column":55}},"8":{"start":{"line":66,"column":4},"end":{"line":66,"column":52}},"9":{"start":{"line":74,"column":4},"end":{"line":74,"column":30}},"10":{"start":{"line":85,"column":4},"end":{"line":85,"column":20}},"11":{"start":{"line":92,"column":4},"end":{"line":92,"column":62}},"12":{"start":{"line":93,"column":4},"end":{"line":93,"column":36}},"13":{"start":{"line":109,"column":4},"end":{"line":109,"column":4296}},"14":{"start":{"line":111,"column":6},"end":{"line":111,"column":47}},"15":{"start":{"line":112,"column":6},"end":{"line":112,"column":17}},"16":{"start":{"line":114,"column":6},"end":{"line":114,"column":58}},"17":{"start":{"line":124,"column":4},"end":{"line":124,"column":44}},"18":{"start":{"line":139,"column":4},"end":{"line":139,"column":5292}},"19":{"start":{"line":140,"column":6},"end":{"line":140,"column":90}},"20":{"start":{"line":142,"column":4},"end":{"line":142,"column":49}},"21":{"start":{"line":152,"column":4},"end":{"line":152,"column":5863}}},"branchMap":{"1":{"line":92,"type":"if","locations":[{"start":{"line":92,"column":4},"end":{"line":92,"column":4}},{"start":{"line":92,"column":4},"end":{"line":92,"column":4}}]},"2":{"line":109,"type":"if","locations":[{"start":{"line":109,"column":4},"end":{"line":109,"column":4}},{"start":{"line":109,"column":4},"end":{"line":109,"column":4}}]},"3":{"line":139,"type":"if","locations":[{"start":{"line":139,"column":4},"end":{"line":139,"column":4}},{"start":{"line":139,"column":4},"end":{"line":139,"column":4}}]}}},
"contracts/TokenFactory.sol":{"l":{"24":114,"25":114,"35":42,"56":114},"path":"/home/jasoons/Documents/code/monorepo/contracts/contracts/TokenFactory.sol","s":{"1":114,"2":42,"3":114},"b":{"1":[114,0]},"f":{"1":114,"2":42,"3":114},"fnMap":{"1":{"name":"onlyLongShort","line":23,"loc":{"start":{"line":23,"column":2},"end":{"line":26,"column":2}}},"2":{"name":"constructor","line":34,"loc":{"start":{"line":34,"column":2},"end":{"line":36,"column":2}}},"3":{"name":"createSyntheticToken","line":55,"loc":{"start":{"line":49,"column":2},"end":{"line":59,"column":2}}}},"statementMap":{"1":{"start":{"line":24,"column":4},"end":{"line":24,"column":44}},"2":{"start":{"line":35,"column":4},"end":{"line":35,"column":25}},"3":{"start":{"line":56,"column":4},"end":{"line":56,"column":1848}}},"branchMap":{"1":{"line":24,"type":"if","locations":[{"start":{"line":24,"column":4},"end":{"line":24,"column":4}},{"start":{"line":24,"column":4},"end":{"line":24,"column":4}}]}}}}
