TN:
SF:/home/jasoons/Documents/code/monorepo/contracts/contracts/abstract/AccessControlledAndUpgradeable.sol
FN:17,_AccessControlledAndUpgradeable_init
FN:28,_AccessControlledAndUpgradeable_init_unchained
FN:38,_authorizeUpgrade
FNF:3
FNH:2
FNDA:58,_AccessControlledAndUpgradeable_init
FNDA:58,_AccessControlledAndUpgradeable_init_unchained
FNDA:0,_authorizeUpgrade
DA:18,58
DA:19,58
DA:20,58
DA:30,58
DA:31,58
DA:32,58
DA:33,58
LF:7
LH:7
BRDA:30,1,0,58
BRDA:30,1,1,0
BRF:2
BRH:1
end_of_record
TN:
SF:/home/jasoons/Documents/code/monorepo/contracts/contracts/FloatToken.sol
FN:48,initialize
FN:80,mint
FN:92,_beforeTokenTransfer
FN:102,pause
FN:106,unpause
FN:110,_authorizeUpgrade
FN:112,_afterTokenTransfer
FN:120,_mint
FN:127,_burn
FN:134,totalSupply
FN:144,transfer
FN:153,burnFrom
FNF:12
FNH:6
FNDA:14,initialize
FNDA:96,mint
FNDA:96,_beforeTokenTransfer
FNDA:0,pause
FNDA:0,unpause
FNDA:0,_authorizeUpgrade
FNDA:96,_afterTokenTransfer
FNDA:96,_mint
FNDA:0,_burn
FNDA:96,totalSupply
FNDA:0,transfer
FNDA:0,burnFrom
DA:49,14
DA:50,14
DA:51,14
DA:52,14
DA:53,14
DA:54,14
DA:56,14
DA:57,14
DA:59,14
DA:60,14
DA:61,14
DA:63,14
DA:66,14
DA:81,96
DA:97,96
DA:99,96
DA:103,0
DA:107,0
DA:117,96
DA:124,96
DA:131,0
DA:141,96
DA:150,0
DA:158,0
LF:24
LH:19
BRDA:97,1,0,96
BRDA:97,1,1,0
BRF:2
BRH:1
end_of_record
TN:
SF:/home/jasoons/Documents/code/monorepo/contracts/contracts/GEMS.sol
FN:28,initialize
FN:35,gm
FNF:2
FNH:2
FNDA:14,initialize
FNDA:220,gm
DA:29,14
DA:30,14
DA:31,14
DA:36,220
DA:37,206
DA:38,206
DA:40,206
DA:42,18
DA:45,18
DA:46,0
DA:48,18
DA:51,18
DA:53,206
LF:13
LH:12
BRDA:36,1,0,206
BRDA:36,1,1,14
BRDA:40,2,0,18
BRDA:40,2,1,188
BRDA:45,3,0,0
BRDA:45,3,1,18
BRF:6
BRH:5
end_of_record
TN:
SF:/home/jasoons/Documents/code/monorepo/contracts/contracts/interfaces/aave/IAaveIncentivesController.sol
FNF:0
FNH:0
LF:0
LH:0
BRF:0
BRH:0
end_of_record
TN:
SF:/home/jasoons/Documents/code/monorepo/contracts/contracts/LongShort.sol
FN:99,adminOnlyModifierLogic
FN:103,adminOnly
FN:108,requireMarketExistsModifierLogic
FN:112,requireMarketExists
FN:117,updateSystemStateMarketAndExecuteOutstandingNextPriceSettlements
FN:126,gemCollectingModifierLogic
FN:132,gemCollecting
FN:151,initialize
FN:174,updateMarketOracle
FN:186,changeMarketTreasurySplitGradient
FN:210,createNewSyntheticMarket
FN:278,createNewSyntheticMarketExternalSyntheticTokens
FN:313,_seedMarketInitially
FN:361,initializeMarket
FN:421,_getSyntheticTokenPrice
FN:433,_getAmountPaymentToken
FN:445,_getAmountSyntheticToken
FN:473,_getEquivalentAmountSyntheticTokensOnTargetSide
FN:491,getAmountSyntheticTokenToMintOnTargetSide
FN:536,getUsersConfirmedButNotSettledSynthBalance
FN:596,_getYieldSplit
FN:646,_claimAndDistributeYieldThenRebalanceMarket
FN:726,_updateSystemStateInternal
FN:813,updateSystemState
FN:819,updateSystemStateMulti
FN:835,_transferPaymentTokensFromUserToYieldManager
FN:863,_mintNextPrice
FN:878,mintLongNextPrice
FN:885,mintShortNextPrice
FN:906,_redeemNextPrice
FN:926,redeemLongNextPrice
FN:933,redeemShortNextPrice
FN:955,shiftPositionNextPrice
FN:987,shiftPositionFromLongNextPrice
FN:997,shiftPositionFromShortNextPrice
FN:1013,_executeOutstandingNextPriceMints
FN:1040,_executeOutstandingNextPriceRedeems
FN:1069,_executeOutstandingNextPriceTokenShifts
FN:1102,_executeOutstandingNextPriceSettlements
FN:1124,executeOutstandingNextPriceSettlementsUser
FN:1134,executeOutstandingNextPriceSettlementsUserMulti
FN:1153,_handleTotalPaymentTokenValueChangeForMarketWithYieldManager
FN:1175,_handleChangeInSyntheticTokensTotalSupply
FN:1207,_batchConfirmOutstandingPendingActions
FNF:44
FNH:44
FNDA:122,adminOnlyModifierLogic
FNDA:126,adminOnly
FNDA:626,requireMarketExistsModifierLogic
FNDA:679,requireMarketExists
FNDA:122,updateSystemStateMarketAndExecuteOutstandingNextPriceSettlements
FNDA:108,gemCollectingModifierLogic
FNDA:122,gemCollecting
FNDA:14,initialize
FNDA:2,updateMarketOracle
FNDA:1,changeMarketTreasurySplitGradient
FNDA:58,createNewSyntheticMarket
FNDA:1,createNewSyntheticMarketExternalSyntheticTokens
FNDA:57,_seedMarketInitially
FNDA:62,initializeMarket
FNDA:465,_getSyntheticTokenPrice
FNDA:18,_getAmountPaymentToken
FNDA:317,_getAmountSyntheticToken
FNDA:12,_getEquivalentAmountSyntheticTokensOnTargetSide
FNDA:3,getAmountSyntheticTokenToMintOnTargetSide
FNDA:211,getUsersConfirmedButNotSettledSynthBalance
FNDA:215,_getYieldSplit
FNDA:220,_claimAndDistributeYieldThenRebalanceMarket
FNDA:430,_updateSystemStateInternal
FNDA:312,updateSystemState
FNDA:2,updateSystemStateMulti
FNDA:162,_transferPaymentTokensFromUserToYieldManager
FNDA:107,_mintNextPrice
FNDA:54,mintLongNextPrice
FNDA:53,mintShortNextPrice
FNDA:4,_redeemNextPrice
FNDA:2,redeemLongNextPrice
FNDA:2,redeemShortNextPrice
FNDA:3,shiftPositionNextPrice
FNDA:2,shiftPositionFromLongNextPrice
FNDA:1,shiftPositionFromShortNextPrice
FNDA:214,_executeOutstandingNextPriceMints
FNDA:214,_executeOutstandingNextPriceRedeems
FNDA:214,_executeOutstandingNextPriceTokenShifts
FNDA:435,_executeOutstandingNextPriceSettlements
FNDA:321,executeOutstandingNextPriceSettlementsUser
FNDA:1,executeOutstandingNextPriceSettlementsUserMulti
FNDA:215,_handleTotalPaymentTokenValueChangeForMarketWithYieldManager
FNDA:430,_handleChangeInSyntheticTokensTotalSupply
FNDA:222,_batchConfirmOutstandingPendingActions
DA:100,122
DA:104,126
DA:105,124
DA:109,626
DA:113,679
DA:114,678
DA:121,122
DA:122,122
DA:123,122
DA:127,108
DA:128,108
DA:133,122
DA:134,122
DA:152,14
DA:158,14
DA:159,14
DA:160,14
DA:161,14
DA:163,14
DA:177,2
DA:178,2
DA:179,2
DA:187,1
DA:211,58
DA:215,58
DA:216,58
DA:219,58
DA:222,57
DA:231,57
DA:240,57
DA:241,57
DA:242,57
DA:243,57
DA:245,57
DA:279,1
DA:282,1
DA:285,1
DA:288,1
DA:291,1
DA:292,1
DA:293,1
DA:294,1
DA:296,1
DA:317,57
DA:323,56
DA:324,56
DA:325,56
DA:327,56
DA:331,56
DA:336,56
DA:337,56
DA:362,62
DA:370,62
DA:371,60
DA:373,58
DA:375,58
DA:378,58
DA:380,58
DA:382,57
DA:385,57
DA:396,57
DA:405,57
DA:425,465
DA:437,18
DA:449,317
DA:478,12
DA:497,3
DA:500,3
DA:504,3
DA:539,211
DA:540,211
DA:543,211
DA:547,105
DA:551,105
DA:552,104
DA:556,104
DA:562,105
DA:566,105
DA:567,2
DA:570,2
DA:574,2
DA:602,215
DA:603,215
DA:605,215
DA:619,215
DA:622,215
DA:624,215
DA:651,220
DA:653,220
DA:654,220
DA:655,220
DA:657,220
DA:664,220
DA:670,220
DA:671,8
DA:672,4
DA:674,4
DA:685,220
DA:689,220
DA:693,220
DA:694,8
DA:697,8
DA:698,0
DA:700,8
DA:701,8
DA:704,212
DA:705,0
DA:707,212
DA:708,212
DA:729,430
DA:731,430
DA:733,430
DA:735,430
DA:736,221
DA:739,221
DA:745,221
DA:750,221
DA:754,221
DA:759,221
DA:761,221
DA:762,221
DA:764,221
DA:768,221
DA:772,221
DA:781,221
DA:784,221
DA:787,221
DA:788,221
DA:790,221
DA:799,221
DA:814,312
DA:820,2
DA:821,2
DA:822,23
DA:839,162
DA:865,107
DA:867,107
DA:868,107
DA:869,107
DA:870,107
DA:872,107
DA:879,54
DA:886,53
DA:908,4
DA:914,4
DA:915,4
DA:916,4
DA:918,4
DA:920,4
DA:927,2
DA:934,2
DA:957,3
DA:965,3
DA:968,3
DA:969,3
DA:971,3
DA:975,3
DA:991,2
DA:1001,1
DA:1018,214
DA:1021,214
DA:1022,104
DA:1023,104
DA:1029,104
DA:1045,214
DA:1048,214
DA:1049,4
DA:1050,4
DA:1057,4
DA:1074,214
DA:1077,214
DA:1078,3
DA:1085,3
DA:1089,3
DA:1106,435
DA:1107,435
DA:1108,107
DA:1109,107
DA:1110,107
DA:1111,107
DA:1112,107
DA:1113,107
DA:1115,107
DA:1117,107
DA:1128,321
DA:1138,1
DA:1139,1
DA:1140,4
DA:1157,215
DA:1158,105
DA:1164,3
DA:1180,430
DA:1181,107
DA:1186,5
DA:1219,222
DA:1220,222
DA:1223,222
DA:1228,222
DA:1229,54
DA:1231,54
DA:1233,54
DA:1242,222
DA:1243,222
DA:1244,54
DA:1246,54
DA:1248,54
DA:1257,222
DA:1261,222
DA:1262,4
DA:1269,4
DA:1270,4
DA:1272,4
DA:1273,4
DA:1281,4
DA:1285,222
DA:1288,222
DA:1289,3
DA:1296,3
DA:1297,3
DA:1299,3
DA:1300,3
DA:1308,3
DA:1312,222
DA:1313,222
DA:1314,3
DA:1320,3
DA:1322,3
DA:1326,222
DA:1329,222
DA:1330,3
DA:1336,3
DA:1338,3
DA:1342,222
DA:1347,222
DA:1352,222
LF:235
LH:233
BRDA:109,1,0,625
BRDA:109,1,1,1
BRDA:127,2,0,108
BRDA:127,2,1,0
BRDA:152,3,0,14
BRDA:152,3,1,0
BRDA:211,4,0,58
BRDA:211,4,1,0
BRDA:317,5,0,56
BRDA:317,5,1,1
BRDA:362,6,0,62
BRDA:362,6,1,0
BRDA:370,7,0,60
BRDA:370,7,1,2
BRDA:371,8,0,58
BRDA:371,8,1,2
BRDA:543,9,0,105
BRDA:543,9,1,106
BRDA:551,10,0,104
BRDA:551,10,1,1
BRDA:566,11,0,2
BRDA:566,11,1,103
BRDA:670,12,0,8
BRDA:670,12,1,212
BRDA:671,13,0,4
BRDA:671,13,1,4
BRDA:693,14,0,8
BRDA:693,14,1,212
BRDA:697,15,0,0
BRDA:697,15,1,8
BRDA:704,16,0,0
BRDA:704,16,1,212
BRDA:735,17,0,221
BRDA:735,17,1,209
BRDA:957,18,0,3
BRDA:957,18,1,0
BRDA:1021,19,0,104
BRDA:1021,19,1,110
BRDA:1048,20,0,4
BRDA:1048,20,1,210
BRDA:1077,21,0,3
BRDA:1077,21,1,211
BRDA:1089,22,0,3
BRDA:1089,22,1,0
BRDA:1107,23,0,107
BRDA:1107,23,1,328
BRDA:1157,24,0,105
BRDA:1157,24,1,110
BRDA:1161,25,0,3
BRDA:1161,25,1,107
BRDA:1180,26,0,107
BRDA:1180,26,1,323
BRDA:1185,27,0,5
BRDA:1185,27,1,318
BRDA:1228,28,0,54
BRDA:1228,28,1,168
BRDA:1243,29,0,54
BRDA:1243,29,1,168
BRDA:1261,30,0,4
BRDA:1261,30,1,218
BRDA:1288,31,0,3
BRDA:1288,31,1,219
BRDA:1313,32,0,3
BRDA:1313,32,1,219
BRDA:1329,33,0,3
BRDA:1329,33,1,219
BRF:66
BRH:58
end_of_record
TN:
SF:/home/jasoons/Documents/code/monorepo/contracts/contracts/mocks/AaveIncentivesControllerMock.sol
FN:9,claimRewards
FN:15,getUserUnclaimedRewards
FNF:2
FNH:0
FNDA:0,claimRewards
FNDA:0,getUserUnclaimedRewards
LF:0
LH:0
BRF:0
BRH:0
end_of_record
TN:
SF:/home/jasoons/Documents/code/monorepo/contracts/contracts/Staker.sol
FN:84,onlyAdminModifierLogic
FN:88,onlyAdmin
FN:93,onlyValidSyntheticModifierLogic
FN:97,onlyValidSynthetic
FN:102,onlyLongShortModifierLogic
FN:106,onlyLongShort
FN:111,_updateUsersStakedPosition_mintAccumulatedFloatAndExecuteOutstandingShifts
FN:123,updateUsersStakedPosition_mintAccumulatedFloatAndExecuteOutstandingShifts
FN:131,gemCollecting
FN:159,initialize
FN:189,_changeFloatPercentage
FN:198,changeFloatPercentage
FN:204,_changeUnstakeFee
FN:216,changeUnstakeFee
FN:223,_changeBalanceIncentiveParameters
FN:266,changeBalanceIncentiveParameters
FN:306,addNewStakingFund
FN:355,_getMarketLaunchIncentiveParameters
FN:376,_getKValue
FN:415,_calculateFloatPerSecond
FN:488,_calculateTimeDeltaFromLastAccumulativeIssuancePerStakedSynthSnapshot
FN:509,_calculateNewCumulativeIssuancePerStakedSynth
FN:558,pushUpdatedMarketPricesToUpdateFloatIssuanceCalculations
FN:601,_calculateAccumulatedFloatInRange
FN:633,_calculateAccumulatedFloatAndExecuteOutstandingShifts
FN:730,_mintFloat
FN:740,_mintAccumulatedFloatAndExecuteOutstandingShifts
FN:760,_mintAccumulatedFloatAndExecuteOutstandingShiftsMulti
FN:790,claimFloatCustom
FN:800,claimFloatCustomFor
FN:823,stakeFromUser
FN:865,shiftTokens
FN:916,_withdraw
FN:925,_withdrawPrepLogic
FN:952,withdraw
FN:967,withdrawAll
FN:983,_hasher
FN:1021,withdrawWithVoucher
FNF:38
FNH:31
FNDA:1,onlyAdminModifierLogic
FNDA:4,onlyAdmin
FNDA:99,onlyValidSyntheticModifierLogic
FNDA:102,onlyValidSynthetic
FNDA:325,onlyLongShortModifierLogic
FNDA:327,onlyLongShort
FNDA:0,_updateUsersStakedPosition_mintAccumulatedFloatAndExecuteOutstandingShifts
FNDA:10,updateUsersStakedPosition_mintAccumulatedFloatAndExecuteOutstandingShifts
FNDA:112,gemCollecting
FNDA:14,initialize
FNDA:18,_changeFloatPercentage
FNDA:1,changeFloatPercentage
FNDA:58,_changeUnstakeFee
FNDA:1,changeUnstakeFee
FNDA:61,_changeBalanceIncentiveParameters
FNDA:2,changeBalanceIncentiveParameters
FNDA:57,addNewStakingFund
FNDA:268,_getMarketLaunchIncentiveParameters
FNDA:271,_getKValue
FNDA:285,_calculateFloatPerSecond
FNDA:268,_calculateTimeDeltaFromLastAccumulativeIssuancePerStakedSynthSnapshot
FNDA:269,_calculateNewCumulativeIssuancePerStakedSynth
FNDA:270,pushUpdatedMarketPricesToUpdateFloatIssuanceCalculations
FNDA:49,_calculateAccumulatedFloatInRange
FNDA:49,_calculateAccumulatedFloatAndExecuteOutstandingShifts
FNDA:49,_mintFloat
FNDA:50,_mintAccumulatedFloatAndExecuteOutstandingShifts
FNDA:3,_mintAccumulatedFloatAndExecuteOutstandingShiftsMulti
FNDA:2,claimFloatCustom
FNDA:1,claimFloatCustomFor
FNDA:102,stakeFromUser
FNDA:10,shiftTokens
FNDA:0,_withdraw
FNDA:0,_withdrawPrepLogic
FNDA:0,withdraw
FNDA:0,withdrawAll
FNDA:0,_hasher
FNDA:0,withdrawWithVoucher
DA:85,1
DA:89,4
DA:90,4
DA:94,99
DA:98,102
DA:99,102
DA:103,325
DA:107,327
DA:108,327
DA:115,0
DA:119,0
DA:127,10
DA:128,10
DA:132,112
DA:133,112
DA:160,14
DA:170,14
DA:171,14
DA:172,14
DA:173,14
DA:174,14
DA:176,14
DA:177,14
DA:179,14
DA:181,14
DA:190,18
DA:191,16
DA:199,1
DA:200,1
DA:205,58
DA:206,57
DA:218,1
DA:219,1
DA:230,61
DA:235,59
DA:236,58
DA:238,58
DA:242,58
DA:244,58
DA:249,58
DA:250,58
DA:251,58
DA:267,2
DA:274,2
DA:307,57
DA:310,57
DA:312,57
DA:313,57
DA:315,57
DA:317,57
DA:318,57
DA:319,57
DA:326,57
DA:327,57
DA:329,57
DA:331,57
DA:341,57
DA:361,268
DA:362,268
DA:364,268
DA:365,0
DA:378,271
DA:384,271
DA:386,270
DA:389,270
DA:390,1
DA:394,269
DA:424,285
DA:426,285
DA:430,285
DA:433,285
DA:438,285
DA:439,192
DA:442,1
DA:445,191
DA:448,191
DA:452,191
DA:453,191
DA:455,191
DA:460,93
DA:463,2
DA:466,91
DA:469,91
DA:473,91
DA:474,91
DA:476,91
DA:492,268
DA:518,269
DA:527,269
DA:533,269
DA:559,270
DA:573,270
DA:577,270
DA:579,270
DA:583,270
DA:586,270
DA:588,270
DA:608,49
DA:609,49
DA:614,49
DA:617,49
DA:618,1
DA:623,1
DA:638,49
DA:639,49
DA:641,49
DA:642,49
DA:644,49
DA:646,49
DA:649,49
DA:650,1
DA:653,48
DA:655,48
DA:656,0
DA:666,0
DA:670,0
DA:671,0
DA:678,0
DA:679,0
DA:682,0
DA:686,0
DA:687,0
DA:694,0
DA:695,0
DA:699,0
DA:700,0
DA:702,0
DA:704,0
DA:712,0
DA:714,48
DA:731,49
DA:732,49
DA:744,50
DA:746,50
DA:748,49
DA:750,49
DA:751,49
DA:764,3
DA:765,3
DA:766,3
DA:767,5
DA:772,5
DA:774,1
DA:776,1
DA:778,1
DA:781,3
DA:782,1
DA:791,2
DA:792,2
DA:803,1
DA:804,1
DA:825,102
DA:826,102
DA:828,102
DA:829,102
DA:831,102
DA:835,50
DA:838,102
DA:841,102
DA:843,102
DA:867,10
DA:868,10
DA:869,10
DA:874,10
DA:879,9
DA:885,9
DA:889,9
DA:890,9
DA:892,9
DA:917,0
DA:919,0
DA:920,0
DA:922,0
DA:931,0
DA:932,0
DA:934,0
DA:936,0
DA:940,0
DA:957,0
DA:958,0
DA:959,0
DA:968,0
DA:969,0
DA:971,0
DA:973,0
DA:975,0
DA:978,0
DA:980,0
DA:992,0
DA:1022,0
DA:1036,0
DA:1038,0
DA:1039,0
DA:1040,0
DA:1041,0
DA:1043,0
DA:1045,0
DA:1047,0
DA:1048,0
DA:1049,0
DA:1050,0
LF:201
LH:150
BRDA:94,1,0,98
BRDA:94,1,1,1
BRDA:103,2,0,324
BRDA:103,2,1,1
BRDA:115,3,0,0
BRDA:115,3,1,0
BRDA:160,4,0,14
BRDA:160,4,1,0
BRDA:190,5,0,16
BRDA:190,5,1,2
BRDA:205,6,0,57
BRDA:205,6,1,1
BRDA:230,7,0,59
BRDA:230,7,1,2
BRDA:235,8,0,58
BRDA:235,8,1,1
BRDA:236,9,0,58
BRDA:236,9,1,0
BRDA:244,10,0,58
BRDA:244,10,1,0
BRDA:307,11,0,57
BRDA:307,11,1,0
BRDA:364,12,0,0
BRDA:364,12,1,268
BRDA:389,13,0,1
BRDA:389,13,1,269
BRDA:438,14,0,192
BRDA:438,14,1,93
BRDA:439,15,0,1
BRDA:439,15,1,191
BRDA:460,16,0,2
BRDA:460,16,1,91
BRDA:608,17,0,49
BRDA:608,17,1,0
BRDA:617,18,0,1
BRDA:617,18,1,48
BRDA:649,19,0,1
BRDA:649,19,1,48
BRDA:655,20,0,0
BRDA:655,20,1,48
BRDA:670,21,0,0
BRDA:670,21,1,0
BRDA:686,22,0,0
BRDA:686,22,1,0
BRDA:746,23,0,49
BRDA:746,23,1,1
BRDA:772,24,0,1
BRDA:772,24,1,4
BRDA:781,25,0,1
BRDA:781,25,1,2
BRDA:831,26,0,50
BRDA:831,26,1,52
BRDA:867,27,0,10
BRDA:867,27,1,0
BRDA:874,28,0,9
BRDA:874,28,1,1
BRDA:1038,29,0,0
BRDA:1038,29,1,0
BRDA:1039,30,0,0
BRDA:1039,30,1,0
BRDA:1040,31,0,0
BRDA:1040,31,1,0
BRF:62
BRH:42
end_of_record
TN:
SF:/home/jasoons/Documents/code/monorepo/contracts/contracts/SyntheticToken.sol
FN:48,constructor
FN:61,stake
FN:73,totalSupply
FN:84,mint
FN:91,burn
FN:104,transferFrom
FN:118,transfer
FN:134,_beforeTokenTransfer
FN:151,balanceOf
FNF:9
FNH:9
FNDA:114,constructor
FNDA:98,stake
FNDA:427,totalSupply
FNDA:217,mint
FNDA:3,burn
FNDA:3,transferFrom
FNDA:103,transfer
FNDA:424,_beforeTokenTransfer
FNDA:206,balanceOf
DA:49,114
DA:50,114
DA:51,114
DA:52,114
DA:54,114
DA:55,114
DA:64,98
DA:66,98
DA:74,427
DA:85,217
DA:92,3
DA:93,3
DA:109,3
DA:111,3
DA:112,3
DA:114,0
DA:124,103
DA:139,424
DA:140,318
DA:142,424
DA:152,206
LF:21
LH:20
BRDA:92,1,0,3
BRDA:92,1,1,0
BRDA:109,2,0,3
BRDA:109,2,1,0
BRDA:139,3,0,318
BRDA:139,3,1,106
BRF:6
BRH:4
end_of_record
TN:
SF:/home/jasoons/Documents/code/monorepo/contracts/contracts/TokenFactory.sol
FN:23,onlyLongShort
FN:34,constructor
FN:55,createSyntheticToken
FNF:3
FNH:3
FNDA:114,onlyLongShort
FNDA:42,constructor
FNDA:114,createSyntheticToken
DA:24,114
DA:25,114
DA:35,42
DA:56,114
LF:4
LH:4
BRDA:24,1,0,114
BRDA:24,1,1,0
BRF:2
BRH:1
end_of_record
